  [1m[36m (2.5ms)[0m  [1mCREATE TABLE "schema_migrations" ("version" varchar(255) NOT NULL) [0m
  [1m[35m (0.1ms)[0m  select sqlite_version(*)
  [1m[36m (2.0ms)[0m  [1mCREATE UNIQUE INDEX "unique_schema_migrations" ON "schema_migrations" ("version")[0m
  [1m[35mActiveRecord::SchemaMigration Load (0.3ms)[0m  SELECT "schema_migrations".* FROM "schema_migrations"
Migrating to CreateImages (20140628170721)
  [1m[36m (0.2ms)[0m  [1mbegin transaction[0m
  [1m[35m (0.5ms)[0m  CREATE TABLE "images" ("id" INTEGER PRIMARY KEY AUTOINCREMENT NOT NULL, "created_at" datetime, "updated_at" datetime) 
  [1m[36m (0.2ms)[0m  [1mALTER TABLE "images" ADD "file_file_name" varchar(255)[0m
  [1m[35m (0.2ms)[0m  ALTER TABLE "images" ADD "file_content_type" varchar(255)
  [1m[36m (0.2ms)[0m  [1mALTER TABLE "images" ADD "file_file_size" integer[0m
  [1m[35m (0.2ms)[0m  ALTER TABLE "images" ADD "file_updated_at" datetime
  [1m[36mSQL (2.2ms)[0m  [1mINSERT INTO "schema_migrations" ("version") VALUES (?)[0m  [["version", "20140628170721"]]
  [1m[35m (2.2ms)[0m  commit transaction
  [1m[36mActiveRecord::SchemaMigration Load (0.1ms)[0m  [1mSELECT "schema_migrations".* FROM "schema_migrations"[0m


Started GET "/" for 127.0.0.1 at 2014-08-09 12:56:14 +0530
  [1m[36mActiveRecord::SchemaMigration Load (0.2ms)[0m  [1mSELECT "schema_migrations".* FROM "schema_migrations"[0m
Processing by ImagesController#index as HTML
  Rendered images/_form.html.erb (112.9ms)
  [1m[35mImage Load (0.3ms)[0m  SELECT "images".* FROM "images"
  Rendered images/_image_list.html.erb (1.8ms)
  Rendered images/index.html.erb within layouts/application (168.5ms)
Completed 200 OK in 1640ms (Views: 1574.8ms | ActiveRecord: 0.8ms)


Started GET "/assets/images.css?body=1" for 127.0.0.1 at 2014-08-09 12:56:17 +0530


Started GET "/assets/jquery_ujs.js?body=1" for 127.0.0.1 at 2014-08-09 12:56:17 +0530


Started GET "/assets/jquery.js?body=1" for 127.0.0.1 at 2014-08-09 12:56:17 +0530


Started GET "/assets/turbolinks.js?body=1" for 127.0.0.1 at 2014-08-09 12:56:17 +0530


Started GET "/assets/application.css?body=1" for 127.0.0.1 at 2014-08-09 12:56:17 +0530


Started GET "/assets/jquery.iframe-transport.js?body=1" for 127.0.0.1 at 2014-08-09 12:56:17 +0530


Started GET "/assets/jquery.remotipart.js?body=1" for 127.0.0.1 at 2014-08-09 12:56:17 +0530


Started GET "/assets/images.js?body=1" for 127.0.0.1 at 2014-08-09 12:56:17 +0530


Started GET "/assets/application.js?body=1" for 127.0.0.1 at 2014-08-09 12:56:17 +0530


Started POST "/images" for 127.0.0.1 at 2014-08-09 12:56:23 +0530
Processing by ImagesController#create as HTML
  Parameters: {"utf8"=>"✓", "authenticity_token"=>"NyfX24brfkRV5Ang8b+/6YxRa0h4IjRkjfVylifYAWE=", "image"=>{"file"=>#<ActionDispatch::Http::UploadedFile:0x000000043a9b30 @tempfile=#<File:/tmp/RackMultipart20140809-28029-1v7zin2>, @original_filename="kkkabra.jpg", @content_type="image/jpeg", @headers="Content-Disposition: form-data; name=\"image[file]\"; filename=\"kkkabra.jpg\"\r\nContent-Type: image/jpeg\r\n">}, "commit"=>"Create Image"}
Command :: file -b --mime-type '/tmp/1155c5fd9911745d994cbd0fa38a5c8c20140809-28029-1ijlwhb'
Command :: identify -format '%wx%h,%[exif:orientation]' '/tmp/3426274ee1d01b1c5ecf229a1349fa2720140809-28029-woiwqn[0]' 2>/dev/null
Command :: identify -format %m '/tmp/3426274ee1d01b1c5ecf229a1349fa2720140809-28029-woiwqn[0]'
Command :: convert '/tmp/3426274ee1d01b1c5ecf229a1349fa2720140809-28029-woiwqn[0]' -auto-orient -resize "300x300" '/tmp/3426274ee1d01b1c5ecf229a1349fa2720140809-28029-woiwqn20140809-28029-hqoe7b'
Command :: file -b --mime '/tmp/3426274ee1d01b1c5ecf229a1349fa2720140809-28029-woiwqn20140809-28029-hqoe7b'
Command :: identify -format '%wx%h,%[exif:orientation]' '/tmp/3426274ee1d01b1c5ecf229a1349fa2720140809-28029-woiwqn[0]' 2>/dev/null
Command :: identify -format %m '/tmp/3426274ee1d01b1c5ecf229a1349fa2720140809-28029-woiwqn[0]'
Command :: convert '/tmp/3426274ee1d01b1c5ecf229a1349fa2720140809-28029-woiwqn[0]' -auto-orient -resize "100x100>" '/tmp/3426274ee1d01b1c5ecf229a1349fa2720140809-28029-woiwqn20140809-28029-zcbcz2'
Command :: file -b --mime '/tmp/3426274ee1d01b1c5ecf229a1349fa2720140809-28029-woiwqn20140809-28029-zcbcz2'
  [1m[36m (0.2ms)[0m  [1mbegin transaction[0m
Command :: file -b --mime-type '/tmp/e550fa4e8b886800eb14184b0ba7a34b20140809-28029-xcv56v'
Binary data inserted for `string` type on column `file_content_type`
  [1m[35mSQL (0.6ms)[0m  INSERT INTO "images" ("created_at", "file_content_type", "file_file_name", "file_file_size", "file_updated_at", "updated_at") VALUES (?, ?, ?, ?, ?, ?)  [["created_at", "2014-08-09 07:26:24.233877"], ["file_content_type", "image/jpeg"], ["file_file_name", "kkkabra.jpg"], ["file_file_size", 27985], ["file_updated_at", "2014-08-09 07:26:23.181294"], ["updated_at", "2014-08-09 07:26:24.233877"]]
  [1m[36m (2.7ms)[0m  [1mcommit transaction[0m
  Rendered images/_form.html.erb (4.3ms)
  [1m[35mImage Load (0.4ms)[0m  SELECT "images".* FROM "images"
  Rendered images/_image_list.html.erb (6247.0ms)
  Rendered images/index.html.erb within layouts/application (6254.4ms)
Completed 200 OK in 13282ms (Views: 6267.3ms | ActiveRecord: 4.0ms)


Started GET "/assets/images.css?body=1" for 127.0.0.1 at 2014-08-09 12:56:36 +0530


Started GET "/assets/application.css?body=1" for 127.0.0.1 at 2014-08-09 12:56:36 +0530


Started GET "/assets/jquery.js?body=1" for 127.0.0.1 at 2014-08-09 12:56:36 +0530


Started GET "/assets/jquery.iframe-transport.js?body=1" for 127.0.0.1 at 2014-08-09 12:56:36 +0530


Started GET "/assets/jquery_ujs.js?body=1" for 127.0.0.1 at 2014-08-09 12:56:36 +0530


Started GET "/assets/turbolinks.js?body=1" for 127.0.0.1 at 2014-08-09 12:56:36 +0530


Started GET "/assets/jquery.remotipart.js?body=1" for 127.0.0.1 at 2014-08-09 12:56:36 +0530


Started GET "/assets/images.js?body=1" for 127.0.0.1 at 2014-08-09 12:56:36 +0530


Started GET "/assets/application.js?body=1" for 127.0.0.1 at 2014-08-09 12:56:36 +0530


Started POST "/images" for 127.0.0.1 at 2014-08-09 13:08:28 +0530
Processing by ImagesController#create as HTML
  Parameters: {"utf8"=>"✓", "authenticity_token"=>"NyfX24brfkRV5Ang8b+/6YxRa0h4IjRkjfVylifYAWE=", "image"=>{"file"=>#<ActionDispatch::Http::UploadedFile:0x000000047ef5f0 @tempfile=#<File:/tmp/RackMultipart20140809-28029-1fdtprm>, @original_filename="letter-n-photo-420x420-5227048_2.jpg", @content_type="image/jpeg", @headers="Content-Disposition: form-data; name=\"image[file]\"; filename=\"letter-n-photo-420x420-5227048_2.jpg\"\r\nContent-Type: image/jpeg\r\n">}, "commit"=>"Create Image"}
Command :: file -b --mime-type '/tmp/6b0156a0f22720ecdfcd63f64117c60520140809-28029-1j95mce'
Command :: identify -format '%wx%h,%[exif:orientation]' '/tmp/5d9819f69e31f16cb5f98d92e3bfe3e820140809-28029-cbxokt[0]' 2>/dev/null
Command :: identify -format %m '/tmp/5d9819f69e31f16cb5f98d92e3bfe3e820140809-28029-cbxokt[0]'
Command :: convert '/tmp/5d9819f69e31f16cb5f98d92e3bfe3e820140809-28029-cbxokt[0]' -auto-orient -resize "300x300" '/tmp/5d9819f69e31f16cb5f98d92e3bfe3e820140809-28029-cbxokt20140809-28029-u9n42o'
Command :: file -b --mime '/tmp/5d9819f69e31f16cb5f98d92e3bfe3e820140809-28029-cbxokt20140809-28029-u9n42o'
Command :: identify -format '%wx%h,%[exif:orientation]' '/tmp/5d9819f69e31f16cb5f98d92e3bfe3e820140809-28029-cbxokt[0]' 2>/dev/null
Command :: identify -format %m '/tmp/5d9819f69e31f16cb5f98d92e3bfe3e820140809-28029-cbxokt[0]'
Command :: convert '/tmp/5d9819f69e31f16cb5f98d92e3bfe3e820140809-28029-cbxokt[0]' -auto-orient -resize "100x100>" '/tmp/5d9819f69e31f16cb5f98d92e3bfe3e820140809-28029-cbxokt20140809-28029-1fxt90j'
Command :: file -b --mime '/tmp/5d9819f69e31f16cb5f98d92e3bfe3e820140809-28029-cbxokt20140809-28029-1fxt90j'
  [1m[36m (0.2ms)[0m  [1mbegin transaction[0m
Command :: file -b --mime-type '/tmp/59f9a1d1ab0e3130eeb70a5e65887a9c20140809-28029-na49so'
Binary data inserted for `string` type on column `file_content_type`
  [1m[35mSQL (0.5ms)[0m  INSERT INTO "images" ("created_at", "file_content_type", "file_file_name", "file_file_size", "file_updated_at", "updated_at") VALUES (?, ?, ?, ?, ?, ?)  [["created_at", "2014-08-09 07:38:29.291345"], ["file_content_type", "image/jpeg"], ["file_file_name", "letter-n-photo-420x420-5227048_2.jpg"], ["file_file_size", 14316], ["file_updated_at", "2014-08-09 07:38:28.954598"], ["updated_at", "2014-08-09 07:38:29.291345"]]
  [1m[36m (2.5ms)[0m  [1mcommit transaction[0m
  Rendered images/_form.html.erb (5.1ms)
  [1m[35mImage Load (0.3ms)[0m  SELECT "images".* FROM "images"
  Rendered images/_image_list.html.erb (2478.4ms)
  Rendered images/index.html.erb within layouts/application (2486.5ms)
Completed 200 OK in 8835ms (Views: 2498.8ms | ActiveRecord: 3.5ms)


Started GET "/assets/images.css?body=1" for 127.0.0.1 at 2014-08-09 13:08:37 +0530


Started GET "/assets/jquery.js?body=1" for 127.0.0.1 at 2014-08-09 13:08:37 +0530


Started GET "/assets/application.css?body=1" for 127.0.0.1 at 2014-08-09 13:08:37 +0530


Started GET "/assets/jquery_ujs.js?body=1" for 127.0.0.1 at 2014-08-09 13:08:37 +0530


Started GET "/assets/turbolinks.js?body=1" for 127.0.0.1 at 2014-08-09 13:08:37 +0530


Started GET "/assets/jquery.iframe-transport.js?body=1" for 127.0.0.1 at 2014-08-09 13:08:37 +0530


Started GET "/assets/jquery.remotipart.js?body=1" for 127.0.0.1 at 2014-08-09 13:08:37 +0530


Started GET "/assets/images.js?body=1" for 127.0.0.1 at 2014-08-09 13:08:37 +0530


Started GET "/assets/application.js?body=1" for 127.0.0.1 at 2014-08-09 13:08:37 +0530


Started POST "/images" for 127.0.0.1 at 2014-08-09 13:08:53 +0530
Processing by ImagesController#create as HTML
  Parameters: {"utf8"=>"✓", "authenticity_token"=>"NyfX24brfkRV5Ang8b+/6YxRa0h4IjRkjfVylifYAWE=", "image"=>{"file"=>#<ActionDispatch::Http::UploadedFile:0x007f1604029740 @tempfile=#<File:/tmp/RackMultipart20140809-28029-agowtg>, @original_filename="letter-n-photo-420x420-5227048_2.jpg", @content_type="image/jpeg", @headers="Content-Disposition: form-data; name=\"image[file]\"; filename=\"letter-n-photo-420x420-5227048_2.jpg\"\r\nContent-Type: image/jpeg\r\n">}, "commit"=>"Create Image"}
Command :: file -b --mime-type '/tmp/1960c6de77bed51b19a0ff4caac9aaa820140809-28029-gdwiaa'
Command :: identify -format '%wx%h,%[exif:orientation]' '/tmp/8421f17ae3309794820a60330d4ae90520140809-28029-ihl9e7[0]' 2>/dev/null
Command :: identify -format %m '/tmp/8421f17ae3309794820a60330d4ae90520140809-28029-ihl9e7[0]'
Command :: convert '/tmp/8421f17ae3309794820a60330d4ae90520140809-28029-ihl9e7[0]' -auto-orient -resize "300x300" '/tmp/8421f17ae3309794820a60330d4ae90520140809-28029-ihl9e720140809-28029-1juig3b'
Command :: file -b --mime '/tmp/8421f17ae3309794820a60330d4ae90520140809-28029-ihl9e720140809-28029-1juig3b'
Command :: identify -format '%wx%h,%[exif:orientation]' '/tmp/8421f17ae3309794820a60330d4ae90520140809-28029-ihl9e7[0]' 2>/dev/null
Command :: identify -format %m '/tmp/8421f17ae3309794820a60330d4ae90520140809-28029-ihl9e7[0]'
Command :: convert '/tmp/8421f17ae3309794820a60330d4ae90520140809-28029-ihl9e7[0]' -auto-orient -resize "100x100>" '/tmp/8421f17ae3309794820a60330d4ae90520140809-28029-ihl9e720140809-28029-16ar47r'
Command :: file -b --mime '/tmp/8421f17ae3309794820a60330d4ae90520140809-28029-ihl9e720140809-28029-16ar47r'
  [1m[36m (0.3ms)[0m  [1mbegin transaction[0m
Command :: file -b --mime-type '/tmp/4c058c3e2d35385d929ae5ddeef38fda20140809-28029-1bvrvxf'
Binary data inserted for `string` type on column `file_content_type`
  [1m[35mSQL (0.6ms)[0m  INSERT INTO "images" ("created_at", "file_content_type", "file_file_name", "file_file_size", "file_updated_at", "updated_at") VALUES (?, ?, ?, ?, ?, ?)  [["created_at", "2014-08-09 07:38:53.758225"], ["file_content_type", "image/jpeg"], ["file_file_name", "letter-n-photo-420x420-5227048_2.jpg"], ["file_file_size", 14316], ["file_updated_at", "2014-08-09 07:38:53.456177"], ["updated_at", "2014-08-09 07:38:53.758225"]]
  [1m[36m (2.5ms)[0m  [1mcommit transaction[0m
  Rendered images/_form.html.erb (4.4ms)
  [1m[35mImage Load (0.3ms)[0m  SELECT "images".* FROM "images"
  Rendered images/_image_list.html.erb (3899.0ms)
  Rendered images/index.html.erb within layouts/application (3906.1ms)
Completed 200 OK in 12616ms (Views: 3918.3ms | ActiveRecord: 3.7ms)


Started GET "/assets/images.css?body=1" for 127.0.0.1 at 2014-08-09 13:09:06 +0530


Started GET "/assets/application.css?body=1" for 127.0.0.1 at 2014-08-09 13:09:06 +0530


Started GET "/assets/jquery.js?body=1" for 127.0.0.1 at 2014-08-09 13:09:06 +0530


Started GET "/assets/turbolinks.js?body=1" for 127.0.0.1 at 2014-08-09 13:09:06 +0530


Started GET "/assets/jquery.iframe-transport.js?body=1" for 127.0.0.1 at 2014-08-09 13:09:06 +0530


Started GET "/assets/jquery_ujs.js?body=1" for 127.0.0.1 at 2014-08-09 13:09:06 +0530


Started GET "/assets/jquery.remotipart.js?body=1" for 127.0.0.1 at 2014-08-09 13:09:06 +0530


Started GET "/assets/images.js?body=1" for 127.0.0.1 at 2014-08-09 13:09:06 +0530


Started GET "/assets/application.js?body=1" for 127.0.0.1 at 2014-08-09 13:09:06 +0530


Started GET "/" for 127.0.0.1 at 2014-08-09 13:52:40 +0530
  [1m[36mActiveRecord::SchemaMigration Load (0.2ms)[0m  [1mSELECT "schema_migrations".* FROM "schema_migrations"[0m
Processing by ImagesController#index as HTML
  Rendered images/_form.html.erb (68.7ms)
  [1m[35mImage Load (0.3ms)[0m  SELECT "images".* FROM "images"
  Rendered images/_image_list.html.erb (2527.0ms)
  Rendered images/index.html.erb within layouts/application (2645.3ms)
Completed 500 Internal Server Error in 2716ms

ActionView::Template::Error (App folder (sandbox) access attempt failed because this app is not configured to have an app folder.  Should your access type be 'dropbox' instead?):
    1: <% if @images %>
    2:     <% @images.each do |image| %>
    3:         <li style="list-style: none">
    4:           <%= image_tag image.file.url(:medium)%>
    5:         </li>
    6:     <%end%>
    7: <%end%>
  app/views/images/_image_list.html.erb:4:in `block in _app_views_images__image_list_html_erb___3410598667112531039_27942980'
  app/views/images/_image_list.html.erb:2:in `_app_views_images__image_list_html_erb___3410598667112531039_27942980'
  app/views/images/index.html.erb:4:in `_app_views_images_index_html_erb___1656166882086313121_23712800'


  Rendered /home/sri/.rvm/gems/ruby-1.9.3-p484/gems/actionpack-4.1.0/lib/action_dispatch/middleware/templates/rescues/_trace.html.erb (3.2ms)
  Rendered /home/sri/.rvm/gems/ruby-1.9.3-p484/gems/actionpack-4.1.0/lib/action_dispatch/middleware/templates/rescues/_request_and_response.html.erb (1.2ms)
  Rendered /home/sri/.rvm/gems/ruby-1.9.3-p484/gems/actionpack-4.1.0/lib/action_dispatch/middleware/templates/rescues/template_error.html.erb within rescues/layout (30.7ms)


Started GET "/" for 127.0.0.1 at 2014-08-09 13:54:52 +0530
Processing by ImagesController#index as HTML
  Rendered images/_form.html.erb (2.8ms)
  [1m[36mImage Load (0.5ms)[0m  [1mSELECT "images".* FROM "images"[0m
  Rendered images/_image_list.html.erb (10.0ms)
  Rendered images/index.html.erb within layouts/application (15.1ms)
Completed 200 OK in 96ms (Views: 94.3ms | ActiveRecord: 0.5ms)


Started GET "/assets/images.css?body=1" for 127.0.0.1 at 2014-08-09 13:54:52 +0530


Started GET "/assets/application.css?body=1" for 127.0.0.1 at 2014-08-09 13:54:52 +0530


Started GET "/assets/jquery.js?body=1" for 127.0.0.1 at 2014-08-09 13:54:52 +0530


Started GET "/assets/images.js?body=1" for 127.0.0.1 at 2014-08-09 13:54:52 +0530


Started GET "/assets/jquery_ujs.js?body=1" for 127.0.0.1 at 2014-08-09 13:54:52 +0530


Started GET "/assets/jquery.iframe-transport.js?body=1" for 127.0.0.1 at 2014-08-09 13:54:52 +0530


Started GET "/assets/turbolinks.js?body=1" for 127.0.0.1 at 2014-08-09 13:54:52 +0530


Started GET "/assets/jquery.remotipart.js?body=1" for 127.0.0.1 at 2014-08-09 13:54:52 +0530


Started GET "/assets/application.js?body=1" for 127.0.0.1 at 2014-08-09 13:54:52 +0530


Started POST "/images" for 127.0.0.1 at 2014-08-09 13:54:58 +0530
Processing by ImagesController#create as HTML
  Parameters: {"utf8"=>"✓", "authenticity_token"=>"NyfX24brfkRV5Ang8b+/6YxRa0h4IjRkjfVylifYAWE=", "image"=>{"file"=>#<ActionDispatch::Http::UploadedFile:0x007f68a88cb910 @tempfile=#<File:/tmp/RackMultipart20140809-467-dkvex5>, @original_filename="letter-n-photo-420x420-5227048_2.jpg", @content_type="image/jpeg", @headers="Content-Disposition: form-data; name=\"image[file]\"; filename=\"letter-n-photo-420x420-5227048_2.jpg\"\r\nContent-Type: image/jpeg\r\n">}, "commit"=>"Create Image"}
Command :: file -b --mime-type '/tmp/03fe9b5d874f6e692f7466c01e478ea920140809-467-1iekquv'
Command :: identify -format '%wx%h,%[exif:orientation]' '/tmp/af58a74a272eb07adc83f71e980eafd020140809-467-1nqvf3v[0]' 2>/dev/null
Command :: identify -format %m '/tmp/af58a74a272eb07adc83f71e980eafd020140809-467-1nqvf3v[0]'
Command :: convert '/tmp/af58a74a272eb07adc83f71e980eafd020140809-467-1nqvf3v[0]' -auto-orient -resize "300x300" '/tmp/af58a74a272eb07adc83f71e980eafd020140809-467-1nqvf3v20140809-467-1cnth1m'
Command :: file -b --mime '/tmp/af58a74a272eb07adc83f71e980eafd020140809-467-1nqvf3v20140809-467-1cnth1m'
Command :: identify -format '%wx%h,%[exif:orientation]' '/tmp/af58a74a272eb07adc83f71e980eafd020140809-467-1nqvf3v[0]' 2>/dev/null
Command :: identify -format %m '/tmp/af58a74a272eb07adc83f71e980eafd020140809-467-1nqvf3v[0]'
Command :: convert '/tmp/af58a74a272eb07adc83f71e980eafd020140809-467-1nqvf3v[0]' -auto-orient -resize "100x100>" '/tmp/af58a74a272eb07adc83f71e980eafd020140809-467-1nqvf3v20140809-467-4bmc2e'
Command :: file -b --mime '/tmp/af58a74a272eb07adc83f71e980eafd020140809-467-1nqvf3v20140809-467-4bmc2e'
  [1m[35m (0.3ms)[0m  begin transaction
Command :: file -b --mime-type '/tmp/3fc5b408069d71f018b305e898e7c14f20140809-467-1ra31m0'
Binary data inserted for `string` type on column `file_content_type`
  [1m[36mSQL (2.7ms)[0m  [1mINSERT INTO "images" ("created_at", "file_content_type", "file_file_name", "file_file_size", "file_updated_at", "updated_at") VALUES (?, ?, ?, ?, ?, ?)[0m  [["created_at", "2014-08-09 08:24:59.206196"], ["file_content_type", "image/jpeg"], ["file_file_name", "letter-n-photo-420x420-5227048_2.jpg"], ["file_file_size", 14316], ["file_updated_at", "2014-08-09 08:24:58.924967"], ["updated_at", "2014-08-09 08:24:59.206196"]]
  [1m[35m (0.3ms)[0m  rollback transaction
Completed 500 Internal Server Error in 2115ms

DropboxError (Forbidden):
  app/controllers/images_controller.rb:8:in `create'


  Rendered /home/sri/.rvm/gems/ruby-1.9.3-p484/gems/actionpack-4.1.0/lib/action_dispatch/middleware/templates/rescues/_source.erb (1.4ms)
  Rendered /home/sri/.rvm/gems/ruby-1.9.3-p484/gems/actionpack-4.1.0/lib/action_dispatch/middleware/templates/rescues/_trace.html.erb (2.8ms)
  Rendered /home/sri/.rvm/gems/ruby-1.9.3-p484/gems/actionpack-4.1.0/lib/action_dispatch/middleware/templates/rescues/_request_and_response.html.erb (1.6ms)
  Rendered /home/sri/.rvm/gems/ruby-1.9.3-p484/gems/actionpack-4.1.0/lib/action_dispatch/middleware/templates/rescues/diagnostics.erb within rescues/layout (25.0ms)


Started POST "/images" for 127.0.0.1 at 2014-08-09 13:56:31 +0530
Processing by ImagesController#create as HTML
  Parameters: {"utf8"=>"✓", "authenticity_token"=>"NyfX24brfkRV5Ang8b+/6YxRa0h4IjRkjfVylifYAWE=", "image"=>{"file"=>#<ActionDispatch::Http::UploadedFile:0x007f68a8908b58 @tempfile=#<File:/tmp/RackMultipart20140809-467-sv1ztb>, @original_filename="letter-n-photo-420x420-5227048_2.jpg", @content_type="image/jpeg", @headers="Content-Disposition: form-data; name=\"image[file]\"; filename=\"letter-n-photo-420x420-5227048_2.jpg\"\r\nContent-Type: image/jpeg\r\n">}, "commit"=>"Create Image"}
  [1m[36m (0.1ms)[0m  [1mbegin transaction[0m
  [1m[35mSQL (0.5ms)[0m  INSERT INTO "images" ("created_at", "updated_at") VALUES (?, ?)  [["created_at", "2014-08-09 08:26:31.575459"], ["updated_at", "2014-08-09 08:26:31.575459"]]
  [1m[36m (2.2ms)[0m  [1mcommit transaction[0m
  Rendered images/_form.html.erb (4.2ms)
  [1m[35mImage Load (0.3ms)[0m  SELECT "images".* FROM "images"
  Rendered images/_image_list.html.erb (7.4ms)
  Rendered images/index.html.erb within layouts/application (14.3ms)
Completed 200 OK in 42ms (Views: 20.3ms | ActiveRecord: 3.8ms)


Started GET "/assets/images.css?body=1" for 127.0.0.1 at 2014-08-09 13:56:31 +0530


Started GET "/assets/application.css?body=1" for 127.0.0.1 at 2014-08-09 13:56:31 +0530


Started GET "/assets/jquery.js?body=1" for 127.0.0.1 at 2014-08-09 13:56:31 +0530


Started GET "/assets/jquery_ujs.js?body=1" for 127.0.0.1 at 2014-08-09 13:56:31 +0530


Started GET "/assets/jquery.iframe-transport.js?body=1" for 127.0.0.1 at 2014-08-09 13:56:31 +0530


Started GET "/assets/turbolinks.js?body=1" for 127.0.0.1 at 2014-08-09 13:56:31 +0530


Started GET "/assets/jquery.remotipart.js?body=1" for 127.0.0.1 at 2014-08-09 13:56:31 +0530


Started GET "/assets/images.js?body=1" for 127.0.0.1 at 2014-08-09 13:56:31 +0530


Started GET "/assets/application.js?body=1" for 127.0.0.1 at 2014-08-09 13:56:31 +0530


Started GET "/files/medium/missing.png" for 127.0.0.1 at 2014-08-09 13:56:31 +0530

ActionController::RoutingError (No route matches [GET] "/files/medium/missing.png"):
  actionpack (4.1.0) lib/action_dispatch/middleware/debug_exceptions.rb:21:in `call'
  actionpack (4.1.0) lib/action_dispatch/middleware/show_exceptions.rb:30:in `call'
  railties (4.1.0) lib/rails/rack/logger.rb:38:in `call_app'
  railties (4.1.0) lib/rails/rack/logger.rb:20:in `block in call'
  activesupport (4.1.0) lib/active_support/tagged_logging.rb:68:in `block in tagged'
  activesupport (4.1.0) lib/active_support/tagged_logging.rb:26:in `tagged'
  activesupport (4.1.0) lib/active_support/tagged_logging.rb:68:in `tagged'
  railties (4.1.0) lib/rails/rack/logger.rb:20:in `call'
  actionpack (4.1.0) lib/action_dispatch/middleware/request_id.rb:21:in `call'
  rack (1.5.2) lib/rack/methodoverride.rb:21:in `call'
  rack (1.5.2) lib/rack/runtime.rb:17:in `call'
  activesupport (4.1.0) lib/active_support/cache/strategy/local_cache_middleware.rb:26:in `call'
  rack (1.5.2) lib/rack/lock.rb:17:in `call'
  actionpack (4.1.0) lib/action_dispatch/middleware/static.rb:64:in `call'
  rack (1.5.2) lib/rack/sendfile.rb:112:in `call'
  railties (4.1.0) lib/rails/engine.rb:514:in `call'
  railties (4.1.0) lib/rails/application.rb:144:in `call'
  rack (1.5.2) lib/rack/lock.rb:17:in `call'
  rack (1.5.2) lib/rack/content_length.rb:14:in `call'
  rack (1.5.2) lib/rack/handler/webrick.rb:60:in `service'
  /home/sri/.rvm/rubies/ruby-1.9.3-p484/lib/ruby/1.9.1/webrick/httpserver.rb:138:in `service'
  /home/sri/.rvm/rubies/ruby-1.9.3-p484/lib/ruby/1.9.1/webrick/httpserver.rb:94:in `run'
  /home/sri/.rvm/rubies/ruby-1.9.3-p484/lib/ruby/1.9.1/webrick/server.rb:191:in `block in start_thread'


  Rendered /home/sri/.rvm/gems/ruby-1.9.3-p484/gems/actionpack-4.1.0/lib/action_dispatch/middleware/templates/rescues/_trace.html.erb (2.4ms)
  Rendered /home/sri/.rvm/gems/ruby-1.9.3-p484/gems/actionpack-4.1.0/lib/action_dispatch/middleware/templates/routes/_route.html.erb (2.5ms)
  Rendered /home/sri/.rvm/gems/ruby-1.9.3-p484/gems/actionpack-4.1.0/lib/action_dispatch/middleware/templates/routes/_table.html.erb (20.5ms)
  Rendered /home/sri/.rvm/gems/ruby-1.9.3-p484/gems/actionpack-4.1.0/lib/action_dispatch/middleware/templates/rescues/routing_error.html.erb within rescues/layout (54.0ms)


Started PATCH "/images/4" for 127.0.0.1 at 2014-08-09 13:56:40 +0530

AbstractController::ActionNotFound (The action 'update' could not be found for ImagesController):
  actionpack (4.1.0) lib/abstract_controller/base.rb:131:in `process'
  actionview (4.1.0) lib/action_view/rendering.rb:30:in `process'
  actionpack (4.1.0) lib/action_controller/metal.rb:195:in `dispatch'
  actionpack (4.1.0) lib/action_controller/metal/rack_delegation.rb:13:in `dispatch'
  actionpack (4.1.0) lib/action_controller/metal.rb:231:in `block in action'
  actionpack (4.1.0) lib/action_dispatch/routing/route_set.rb:80:in `call'
  actionpack (4.1.0) lib/action_dispatch/routing/route_set.rb:80:in `dispatch'
  actionpack (4.1.0) lib/action_dispatch/routing/route_set.rb:48:in `call'
  actionpack (4.1.0) lib/action_dispatch/journey/router.rb:71:in `block in call'
  actionpack (4.1.0) lib/action_dispatch/journey/router.rb:59:in `each'
  actionpack (4.1.0) lib/action_dispatch/journey/router.rb:59:in `call'
  actionpack (4.1.0) lib/action_dispatch/routing/route_set.rb:676:in `call'
  rack (1.5.2) lib/rack/etag.rb:23:in `call'
  rack (1.5.2) lib/rack/conditionalget.rb:35:in `call'
  rack (1.5.2) lib/rack/head.rb:11:in `call'
  remotipart (1.2.1) lib/remotipart/middleware.rb:27:in `call'
  actionpack (4.1.0) lib/action_dispatch/middleware/params_parser.rb:27:in `call'
  actionpack (4.1.0) lib/action_dispatch/middleware/flash.rb:254:in `call'
  rack (1.5.2) lib/rack/session/abstract/id.rb:225:in `context'
  rack (1.5.2) lib/rack/session/abstract/id.rb:220:in `call'
  actionpack (4.1.0) lib/action_dispatch/middleware/cookies.rb:560:in `call'
  activerecord (4.1.0) lib/active_record/query_cache.rb:36:in `call'
  activerecord (4.1.0) lib/active_record/connection_adapters/abstract/connection_pool.rb:621:in `call'
  activerecord (4.1.0) lib/active_record/migration.rb:380:in `call'
  actionpack (4.1.0) lib/action_dispatch/middleware/callbacks.rb:29:in `block in call'
  activesupport (4.1.0) lib/active_support/callbacks.rb:82:in `run_callbacks'
  actionpack (4.1.0) lib/action_dispatch/middleware/callbacks.rb:27:in `call'
  actionpack (4.1.0) lib/action_dispatch/middleware/reloader.rb:73:in `call'
  actionpack (4.1.0) lib/action_dispatch/middleware/remote_ip.rb:76:in `call'
  actionpack (4.1.0) lib/action_dispatch/middleware/debug_exceptions.rb:17:in `call'
  actionpack (4.1.0) lib/action_dispatch/middleware/show_exceptions.rb:30:in `call'
  railties (4.1.0) lib/rails/rack/logger.rb:38:in `call_app'
  railties (4.1.0) lib/rails/rack/logger.rb:20:in `block in call'
  activesupport (4.1.0) lib/active_support/tagged_logging.rb:68:in `block in tagged'
  activesupport (4.1.0) lib/active_support/tagged_logging.rb:26:in `tagged'
  activesupport (4.1.0) lib/active_support/tagged_logging.rb:68:in `tagged'
  railties (4.1.0) lib/rails/rack/logger.rb:20:in `call'
  actionpack (4.1.0) lib/action_dispatch/middleware/request_id.rb:21:in `call'
  rack (1.5.2) lib/rack/methodoverride.rb:21:in `call'
  rack (1.5.2) lib/rack/runtime.rb:17:in `call'
  activesupport (4.1.0) lib/active_support/cache/strategy/local_cache_middleware.rb:26:in `call'
  rack (1.5.2) lib/rack/lock.rb:17:in `call'
  actionpack (4.1.0) lib/action_dispatch/middleware/static.rb:64:in `call'
  rack (1.5.2) lib/rack/sendfile.rb:112:in `call'
  railties (4.1.0) lib/rails/engine.rb:514:in `call'
  railties (4.1.0) lib/rails/application.rb:144:in `call'
  rack (1.5.2) lib/rack/lock.rb:17:in `call'
  rack (1.5.2) lib/rack/content_length.rb:14:in `call'
  rack (1.5.2) lib/rack/handler/webrick.rb:60:in `service'
  /home/sri/.rvm/rubies/ruby-1.9.3-p484/lib/ruby/1.9.1/webrick/httpserver.rb:138:in `service'
  /home/sri/.rvm/rubies/ruby-1.9.3-p484/lib/ruby/1.9.1/webrick/httpserver.rb:94:in `run'
  /home/sri/.rvm/rubies/ruby-1.9.3-p484/lib/ruby/1.9.1/webrick/server.rb:191:in `block in start_thread'


  Rendered /home/sri/.rvm/gems/ruby-1.9.3-p484/gems/actionpack-4.1.0/lib/action_dispatch/middleware/templates/rescues/unknown_action.html.erb within rescues/layout (0.6ms)


Started GET "/" for 127.0.0.1 at 2014-08-09 13:57:12 +0530
Processing by ImagesController#index as HTML
  Rendered images/_form.html.erb (10.5ms)
  [1m[36mImage Load (0.3ms)[0m  [1mSELECT "images".* FROM "images"[0m
  Rendered images/_image_list.html.erb (4002.4ms)
  Rendered images/index.html.erb within layouts/application (4014.9ms)
Completed 200 OK in 4031ms (Views: 4023.8ms | ActiveRecord: 1.0ms)


Started GET "/assets/images.css?body=1" for 127.0.0.1 at 2014-08-09 13:57:16 +0530


Started GET "/assets/application.css?body=1" for 127.0.0.1 at 2014-08-09 13:57:16 +0530


Started GET "/assets/turbolinks.js?body=1" for 127.0.0.1 at 2014-08-09 13:57:16 +0530


Started GET "/assets/jquery_ujs.js?body=1" for 127.0.0.1 at 2014-08-09 13:57:16 +0530


Started GET "/assets/jquery.js?body=1" for 127.0.0.1 at 2014-08-09 13:57:16 +0530


Started GET "/assets/jquery.iframe-transport.js?body=1" for 127.0.0.1 at 2014-08-09 13:57:16 +0530


Started GET "/assets/jquery.remotipart.js?body=1" for 127.0.0.1 at 2014-08-09 13:57:16 +0530


Started GET "/assets/images.js?body=1" for 127.0.0.1 at 2014-08-09 13:57:16 +0530


Started GET "/assets/application.js?body=1" for 127.0.0.1 at 2014-08-09 13:57:16 +0530


Started GET "/files/medium/missing.png" for 127.0.0.1 at 2014-08-09 13:57:16 +0530

ActionController::RoutingError (No route matches [GET] "/files/medium/missing.png"):
  actionpack (4.1.0) lib/action_dispatch/middleware/debug_exceptions.rb:21:in `call'
  actionpack (4.1.0) lib/action_dispatch/middleware/show_exceptions.rb:30:in `call'
  railties (4.1.0) lib/rails/rack/logger.rb:38:in `call_app'
  railties (4.1.0) lib/rails/rack/logger.rb:20:in `block in call'
  activesupport (4.1.0) lib/active_support/tagged_logging.rb:68:in `block in tagged'
  activesupport (4.1.0) lib/active_support/tagged_logging.rb:26:in `tagged'
  activesupport (4.1.0) lib/active_support/tagged_logging.rb:68:in `tagged'
  railties (4.1.0) lib/rails/rack/logger.rb:20:in `call'
  actionpack (4.1.0) lib/action_dispatch/middleware/request_id.rb:21:in `call'
  rack (1.5.2) lib/rack/methodoverride.rb:21:in `call'
  rack (1.5.2) lib/rack/runtime.rb:17:in `call'
  activesupport (4.1.0) lib/active_support/cache/strategy/local_cache_middleware.rb:26:in `call'
  rack (1.5.2) lib/rack/lock.rb:17:in `call'
  actionpack (4.1.0) lib/action_dispatch/middleware/static.rb:64:in `call'
  rack (1.5.2) lib/rack/sendfile.rb:112:in `call'
  railties (4.1.0) lib/rails/engine.rb:514:in `call'
  railties (4.1.0) lib/rails/application.rb:144:in `call'
  rack (1.5.2) lib/rack/lock.rb:17:in `call'
  rack (1.5.2) lib/rack/content_length.rb:14:in `call'
  rack (1.5.2) lib/rack/handler/webrick.rb:60:in `service'
  /home/sri/.rvm/rubies/ruby-1.9.3-p484/lib/ruby/1.9.1/webrick/httpserver.rb:138:in `service'
  /home/sri/.rvm/rubies/ruby-1.9.3-p484/lib/ruby/1.9.1/webrick/httpserver.rb:94:in `run'
  /home/sri/.rvm/rubies/ruby-1.9.3-p484/lib/ruby/1.9.1/webrick/server.rb:191:in `block in start_thread'


  Rendered /home/sri/.rvm/gems/ruby-1.9.3-p484/gems/actionpack-4.1.0/lib/action_dispatch/middleware/templates/rescues/_trace.html.erb (1.5ms)
  Rendered /home/sri/.rvm/gems/ruby-1.9.3-p484/gems/actionpack-4.1.0/lib/action_dispatch/middleware/templates/routes/_route.html.erb (1.6ms)
  Rendered /home/sri/.rvm/gems/ruby-1.9.3-p484/gems/actionpack-4.1.0/lib/action_dispatch/middleware/templates/routes/_table.html.erb (1.8ms)
  Rendered /home/sri/.rvm/gems/ruby-1.9.3-p484/gems/actionpack-4.1.0/lib/action_dispatch/middleware/templates/rescues/routing_error.html.erb within rescues/layout (22.9ms)


Started POST "/images" for 127.0.0.1 at 2014-08-09 13:57:27 +0530
Processing by ImagesController#create as HTML
  Parameters: {"utf8"=>"✓", "authenticity_token"=>"NyfX24brfkRV5Ang8b+/6YxRa0h4IjRkjfVylifYAWE=", "image"=>{"file"=>#<ActionDispatch::Http::UploadedFile:0x00000004629518 @tempfile=#<File:/tmp/RackMultipart20140809-467-19upyzl>, @original_filename="10354813_640499412711249_7087107657918628009_n.jpg", @content_type="image/jpeg", @headers="Content-Disposition: form-data; name=\"image[file]\"; filename=\"10354813_640499412711249_7087107657918628009_n.jpg\"\r\nContent-Type: image/jpeg\r\n">}, "commit"=>"Create Image"}
Command :: file -b --mime-type '/tmp/2488b0989a69544c4e33dbec96e3d21120140809-467-9wsmcn'
Command :: identify -format '%wx%h,%[exif:orientation]' '/tmp/3a3829bc2291c077670a2616b1fe3d9520140809-467-3gheke[0]' 2>/dev/null
Command :: identify -format %m '/tmp/3a3829bc2291c077670a2616b1fe3d9520140809-467-3gheke[0]'
Command :: convert '/tmp/3a3829bc2291c077670a2616b1fe3d9520140809-467-3gheke[0]' -auto-orient -resize "300x300" '/tmp/3a3829bc2291c077670a2616b1fe3d9520140809-467-3gheke20140809-467-e6pe36'
Command :: file -b --mime '/tmp/3a3829bc2291c077670a2616b1fe3d9520140809-467-3gheke20140809-467-e6pe36'
Command :: identify -format '%wx%h,%[exif:orientation]' '/tmp/3a3829bc2291c077670a2616b1fe3d9520140809-467-3gheke[0]' 2>/dev/null
Command :: identify -format %m '/tmp/3a3829bc2291c077670a2616b1fe3d9520140809-467-3gheke[0]'
Command :: convert '/tmp/3a3829bc2291c077670a2616b1fe3d9520140809-467-3gheke[0]' -auto-orient -resize "100x100>" '/tmp/3a3829bc2291c077670a2616b1fe3d9520140809-467-3gheke20140809-467-1505ev8'
Command :: file -b --mime '/tmp/3a3829bc2291c077670a2616b1fe3d9520140809-467-3gheke20140809-467-1505ev8'
  [1m[35m (0.2ms)[0m  begin transaction
Command :: file -b --mime-type '/tmp/a21c00dde8b0d2c4b55f32a7e69ab97e20140809-467-fxqmxl'
Binary data inserted for `string` type on column `file_content_type`
  [1m[36mSQL (0.7ms)[0m  [1mINSERT INTO "images" ("created_at", "file_content_type", "file_file_name", "file_file_size", "file_updated_at", "updated_at") VALUES (?, ?, ?, ?, ?, ?)[0m  [["created_at", "2014-08-09 08:27:27.718533"], ["file_content_type", "image/jpeg"], ["file_file_name", "10354813_640499412711249_7087107657918628009_n.jpg"], ["file_file_size", 107044], ["file_updated_at", "2014-08-09 08:27:27.330233"], ["updated_at", "2014-08-09 08:27:27.718533"]]
  [1m[35m (2.9ms)[0m  commit transaction
  Rendered images/_form.html.erb (4.5ms)
  [1m[36mImage Load (0.5ms)[0m  [1mSELECT "images".* FROM "images"[0m
  Rendered images/_image_list.html.erb (5423.3ms)
  Rendered images/index.html.erb within layouts/application (5431.1ms)
Completed 200 OK in 12619ms (Views: 5438.6ms | ActiveRecord: 4.3ms)


Started GET "/assets/images.css?body=1" for 127.0.0.1 at 2014-08-09 13:57:40 +0530


Started GET "/assets/application.css?body=1" for 127.0.0.1 at 2014-08-09 13:57:40 +0530


Started GET "/assets/jquery_ujs.js?body=1" for 127.0.0.1 at 2014-08-09 13:57:40 +0530


Started GET "/assets/jquery.js?body=1" for 127.0.0.1 at 2014-08-09 13:57:40 +0530


Started GET "/assets/jquery.iframe-transport.js?body=1" for 127.0.0.1 at 2014-08-09 13:57:40 +0530


Started GET "/assets/turbolinks.js?body=1" for 127.0.0.1 at 2014-08-09 13:57:40 +0530


Started GET "/assets/jquery.remotipart.js?body=1" for 127.0.0.1 at 2014-08-09 13:57:40 +0530


Started GET "/assets/application.js?body=1" for 127.0.0.1 at 2014-08-09 13:57:40 +0530


Started GET "/assets/images.js?body=1" for 127.0.0.1 at 2014-08-09 13:57:40 +0530


Started GET "/files/medium/missing.png" for 127.0.0.1 at 2014-08-09 13:57:40 +0530

ActionController::RoutingError (No route matches [GET] "/files/medium/missing.png"):
  actionpack (4.1.0) lib/action_dispatch/middleware/debug_exceptions.rb:21:in `call'
  actionpack (4.1.0) lib/action_dispatch/middleware/show_exceptions.rb:30:in `call'
  railties (4.1.0) lib/rails/rack/logger.rb:38:in `call_app'
  railties (4.1.0) lib/rails/rack/logger.rb:20:in `block in call'
  activesupport (4.1.0) lib/active_support/tagged_logging.rb:68:in `block in tagged'
  activesupport (4.1.0) lib/active_support/tagged_logging.rb:26:in `tagged'
  activesupport (4.1.0) lib/active_support/tagged_logging.rb:68:in `tagged'
  railties (4.1.0) lib/rails/rack/logger.rb:20:in `call'
  actionpack (4.1.0) lib/action_dispatch/middleware/request_id.rb:21:in `call'
  rack (1.5.2) lib/rack/methodoverride.rb:21:in `call'
  rack (1.5.2) lib/rack/runtime.rb:17:in `call'
  activesupport (4.1.0) lib/active_support/cache/strategy/local_cache_middleware.rb:26:in `call'
  rack (1.5.2) lib/rack/lock.rb:17:in `call'
  actionpack (4.1.0) lib/action_dispatch/middleware/static.rb:64:in `call'
  rack (1.5.2) lib/rack/sendfile.rb:112:in `call'
  railties (4.1.0) lib/rails/engine.rb:514:in `call'
  railties (4.1.0) lib/rails/application.rb:144:in `call'
  rack (1.5.2) lib/rack/lock.rb:17:in `call'
  rack (1.5.2) lib/rack/content_length.rb:14:in `call'
  rack (1.5.2) lib/rack/handler/webrick.rb:60:in `service'
  /home/sri/.rvm/rubies/ruby-1.9.3-p484/lib/ruby/1.9.1/webrick/httpserver.rb:138:in `service'
  /home/sri/.rvm/rubies/ruby-1.9.3-p484/lib/ruby/1.9.1/webrick/httpserver.rb:94:in `run'
  /home/sri/.rvm/rubies/ruby-1.9.3-p484/lib/ruby/1.9.1/webrick/server.rb:191:in `block in start_thread'


  Rendered /home/sri/.rvm/gems/ruby-1.9.3-p484/gems/actionpack-4.1.0/lib/action_dispatch/middleware/templates/rescues/_trace.html.erb (2.3ms)
  Rendered /home/sri/.rvm/gems/ruby-1.9.3-p484/gems/actionpack-4.1.0/lib/action_dispatch/middleware/templates/routes/_route.html.erb (1.7ms)
  Rendered /home/sri/.rvm/gems/ruby-1.9.3-p484/gems/actionpack-4.1.0/lib/action_dispatch/middleware/templates/routes/_table.html.erb (2.6ms)
  Rendered /home/sri/.rvm/gems/ruby-1.9.3-p484/gems/actionpack-4.1.0/lib/action_dispatch/middleware/templates/rescues/routing_error.html.erb within rescues/layout (32.7ms)


Started GET "/files/medium/missing.png" for 127.0.0.1 at 2014-08-09 13:57:40 +0530

ActionController::RoutingError (No route matches [GET] "/files/medium/missing.png"):
  actionpack (4.1.0) lib/action_dispatch/middleware/debug_exceptions.rb:21:in `call'
  actionpack (4.1.0) lib/action_dispatch/middleware/show_exceptions.rb:30:in `call'
  railties (4.1.0) lib/rails/rack/logger.rb:38:in `call_app'
  railties (4.1.0) lib/rails/rack/logger.rb:20:in `block in call'
  activesupport (4.1.0) lib/active_support/tagged_logging.rb:68:in `block in tagged'
  activesupport (4.1.0) lib/active_support/tagged_logging.rb:26:in `tagged'
  activesupport (4.1.0) lib/active_support/tagged_logging.rb:68:in `tagged'
  railties (4.1.0) lib/rails/rack/logger.rb:20:in `call'
  actionpack (4.1.0) lib/action_dispatch/middleware/request_id.rb:21:in `call'
  rack (1.5.2) lib/rack/methodoverride.rb:21:in `call'
  rack (1.5.2) lib/rack/runtime.rb:17:in `call'
  activesupport (4.1.0) lib/active_support/cache/strategy/local_cache_middleware.rb:26:in `call'
  rack (1.5.2) lib/rack/lock.rb:17:in `call'
  actionpack (4.1.0) lib/action_dispatch/middleware/static.rb:64:in `call'
  rack (1.5.2) lib/rack/sendfile.rb:112:in `call'
  railties (4.1.0) lib/rails/engine.rb:514:in `call'
  railties (4.1.0) lib/rails/application.rb:144:in `call'
  rack (1.5.2) lib/rack/lock.rb:17:in `call'
  rack (1.5.2) lib/rack/content_length.rb:14:in `call'
  rack (1.5.2) lib/rack/handler/webrick.rb:60:in `service'
  /home/sri/.rvm/rubies/ruby-1.9.3-p484/lib/ruby/1.9.1/webrick/httpserver.rb:138:in `service'
  /home/sri/.rvm/rubies/ruby-1.9.3-p484/lib/ruby/1.9.1/webrick/httpserver.rb:94:in `run'
  /home/sri/.rvm/rubies/ruby-1.9.3-p484/lib/ruby/1.9.1/webrick/server.rb:191:in `block in start_thread'


  Rendered /home/sri/.rvm/gems/ruby-1.9.3-p484/gems/actionpack-4.1.0/lib/action_dispatch/middleware/templates/rescues/_trace.html.erb (1.6ms)
  Rendered /home/sri/.rvm/gems/ruby-1.9.3-p484/gems/actionpack-4.1.0/lib/action_dispatch/middleware/templates/routes/_route.html.erb (1.5ms)
  Rendered /home/sri/.rvm/gems/ruby-1.9.3-p484/gems/actionpack-4.1.0/lib/action_dispatch/middleware/templates/routes/_table.html.erb (1.6ms)
  Rendered /home/sri/.rvm/gems/ruby-1.9.3-p484/gems/actionpack-4.1.0/lib/action_dispatch/middleware/templates/rescues/routing_error.html.erb within rescues/layout (23.8ms)


Started GET "/" for 127.0.0.1 at 2014-08-09 14:55:41 +0530
  [1m[36mActiveRecord::SchemaMigration Load (0.2ms)[0m  [1mSELECT "schema_migrations".* FROM "schema_migrations"[0m
Processing by ImagesController#index as HTML
  Rendered images/_form.html.erb (68.6ms)
  [1m[35mImage Load (0.3ms)[0m  SELECT "images".* FROM "images"
  Rendered images/_image_list.html.erb (1160.3ms)
  Rendered images/index.html.erb within layouts/application (1277.4ms)
Completed 500 Internal Server Error in 1349ms

ActionView::Template::Error (Path '/medium/1_kkkabra_medium.jpg' not found):
    1: <% if @images %>
    2:     <% @images.each do |image| %>
    3:         <li style="list-style: none">
    4:           <%= image_tag image.file.url(:medium)%>
    5:         </li>
    6:     <%end%>
    7: <%end%>
  app/views/images/_image_list.html.erb:4:in `block in _app_views_images__image_list_html_erb__2875712419568253316_31995080'
  app/views/images/_image_list.html.erb:2:in `_app_views_images__image_list_html_erb__2875712419568253316_31995080'
  app/views/images/index.html.erb:4:in `_app_views_images_index_html_erb___1439930927112041310_25988500'


  Rendered /home/sri/.rvm/gems/ruby-1.9.3-p484/gems/actionpack-4.1.0/lib/action_dispatch/middleware/templates/rescues/_trace.html.erb (1.9ms)
  Rendered /home/sri/.rvm/gems/ruby-1.9.3-p484/gems/actionpack-4.1.0/lib/action_dispatch/middleware/templates/rescues/_request_and_response.html.erb (1.2ms)
  Rendered /home/sri/.rvm/gems/ruby-1.9.3-p484/gems/actionpack-4.1.0/lib/action_dispatch/middleware/templates/rescues/template_error.html.erb within rescues/layout (14.2ms)
  [1m[36m (3.0ms)[0m  [1mCREATE TABLE "schema_migrations" ("version" varchar(255) NOT NULL) [0m
  [1m[35m (0.2ms)[0m  select sqlite_version(*)
  [1m[36m (2.1ms)[0m  [1mCREATE UNIQUE INDEX "unique_schema_migrations" ON "schema_migrations" ("version")[0m
  [1m[35mActiveRecord::SchemaMigration Load (0.3ms)[0m  SELECT "schema_migrations".* FROM "schema_migrations"
Migrating to CreateImages (20140628170721)
  [1m[36m (0.1ms)[0m  [1mbegin transaction[0m
  [1m[35m (0.5ms)[0m  CREATE TABLE "images" ("id" INTEGER PRIMARY KEY AUTOINCREMENT NOT NULL, "created_at" datetime, "updated_at" datetime) 
  [1m[36m (0.2ms)[0m  [1mALTER TABLE "images" ADD "file_file_name" varchar(255)[0m
  [1m[35m (0.2ms)[0m  ALTER TABLE "images" ADD "file_content_type" varchar(255)
  [1m[36m (0.2ms)[0m  [1mALTER TABLE "images" ADD "file_file_size" integer[0m
  [1m[35m (0.2ms)[0m  ALTER TABLE "images" ADD "file_updated_at" datetime
  [1m[36mSQL (2.0ms)[0m  [1mINSERT INTO "schema_migrations" ("version") VALUES (?)[0m  [["version", "20140628170721"]]
  [1m[35m (15.5ms)[0m  commit transaction
  [1m[36mActiveRecord::SchemaMigration Load (0.1ms)[0m  [1mSELECT "schema_migrations".* FROM "schema_migrations"[0m
  [1m[36mActiveRecord::SchemaMigration Load (0.2ms)[0m  [1mSELECT "schema_migrations".* FROM "schema_migrations"[0m
  [1m[35mActiveRecord::SchemaMigration Load (0.1ms)[0m  SELECT "schema_migrations".* FROM "schema_migrations"


Started GET "/" for 127.0.0.1 at 2014-08-09 14:57:12 +0530
  [1m[36mActiveRecord::SchemaMigration Load (0.3ms)[0m  [1mSELECT "schema_migrations".* FROM "schema_migrations"[0m
Processing by ImagesController#index as HTML
  Rendered images/_form.html.erb (71.8ms)
  [1m[35mImage Load (0.3ms)[0m  SELECT "images".* FROM "images"
  Rendered images/_image_list.html.erb (1.8ms)
  Rendered images/index.html.erb within layouts/application (124.5ms)
Completed 200 OK in 235ms (Views: 214.9ms | ActiveRecord: 0.8ms)


Started GET "/assets/images.css?body=1" for 127.0.0.1 at 2014-08-09 14:57:13 +0530


Started GET "/assets/application.css?body=1" for 127.0.0.1 at 2014-08-09 14:57:13 +0530


Started GET "/assets/turbolinks.js?body=1" for 127.0.0.1 at 2014-08-09 14:57:13 +0530


Started GET "/assets/jquery.js?body=1" for 127.0.0.1 at 2014-08-09 14:57:13 +0530


Started GET "/assets/jquery.remotipart.js?body=1" for 127.0.0.1 at 2014-08-09 14:57:13 +0530


Started GET "/assets/jquery_ujs.js?body=1" for 127.0.0.1 at 2014-08-09 14:57:13 +0530


Started GET "/assets/jquery.iframe-transport.js?body=1" for 127.0.0.1 at 2014-08-09 14:57:13 +0530


Started GET "/assets/images.js?body=1" for 127.0.0.1 at 2014-08-09 14:57:13 +0530


Started GET "/assets/application.js?body=1" for 127.0.0.1 at 2014-08-09 14:57:13 +0530


Started POST "/images" for 127.0.0.1 at 2014-08-09 14:57:17 +0530
Processing by ImagesController#create as HTML
  Parameters: {"utf8"=>"✓", "authenticity_token"=>"NyfX24brfkRV5Ang8b+/6YxRa0h4IjRkjfVylifYAWE=", "image"=>{"file"=>#<ActionDispatch::Http::UploadedFile:0x007f4240007f88 @tempfile=#<File:/tmp/RackMultipart20140809-2189-1xok38b>, @original_filename="575896_532802706770467_1897012004_n.jpg", @content_type="image/jpeg", @headers="Content-Disposition: form-data; name=\"image[file]\"; filename=\"575896_532802706770467_1897012004_n.jpg\"\r\nContent-Type: image/jpeg\r\n">}, "commit"=>"Create Image"}
Command :: file -b --mime-type '/tmp/0ac003ae2305d551bf05e6bcf80ff12f20140809-2189-ujwq04'
Command :: identify -format '%wx%h,%[exif:orientation]' '/tmp/9cd59e82700e5ecb770d4894e8c6570620140809-2189-1rtlxu1[0]' 2>/dev/null
Command :: identify -format %m '/tmp/9cd59e82700e5ecb770d4894e8c6570620140809-2189-1rtlxu1[0]'
Command :: convert '/tmp/9cd59e82700e5ecb770d4894e8c6570620140809-2189-1rtlxu1[0]' -auto-orient -resize "300x300" '/tmp/9cd59e82700e5ecb770d4894e8c6570620140809-2189-1rtlxu120140809-2189-1qakstx'
Command :: file -b --mime '/tmp/9cd59e82700e5ecb770d4894e8c6570620140809-2189-1rtlxu120140809-2189-1qakstx'
Command :: identify -format '%wx%h,%[exif:orientation]' '/tmp/9cd59e82700e5ecb770d4894e8c6570620140809-2189-1rtlxu1[0]' 2>/dev/null
Command :: identify -format %m '/tmp/9cd59e82700e5ecb770d4894e8c6570620140809-2189-1rtlxu1[0]'
Command :: convert '/tmp/9cd59e82700e5ecb770d4894e8c6570620140809-2189-1rtlxu1[0]' -auto-orient -resize "100x100>" '/tmp/9cd59e82700e5ecb770d4894e8c6570620140809-2189-1rtlxu120140809-2189-olrjqd'
Command :: file -b --mime '/tmp/9cd59e82700e5ecb770d4894e8c6570620140809-2189-1rtlxu120140809-2189-olrjqd'
  [1m[36m (0.3ms)[0m  [1mbegin transaction[0m
Command :: file -b --mime-type '/tmp/a70885dd0261def71af5c094dce586c320140809-2189-1ottjc3'
Binary data inserted for `string` type on column `file_content_type`
  [1m[35mSQL (2.2ms)[0m  INSERT INTO "images" ("created_at", "file_content_type", "file_file_name", "file_file_size", "file_updated_at", "updated_at") VALUES (?, ?, ?, ?, ?, ?)  [["created_at", "2014-08-09 09:27:17.624691"], ["file_content_type", "image/jpeg"], ["file_file_name", "575896_532802706770467_1897012004_n.jpg"], ["file_file_size", 16042], ["file_updated_at", "2014-08-09 09:27:17.321349"], ["updated_at", "2014-08-09 09:27:17.624691"]]
  [1m[36m (2.4ms)[0m  [1mcommit transaction[0m
  Rendered images/_form.html.erb (2.4ms)
  [1m[35mImage Load (0.3ms)[0m  SELECT "images".* FROM "images"
  Rendered images/_image_list.html.erb (1199.4ms)
  Rendered images/index.html.erb within layouts/application (1203.6ms)
Completed 200 OK in 13560ms (Views: 1213.8ms | ActiveRecord: 5.2ms)


Started GET "/assets/images.css?body=1" for 127.0.0.1 at 2014-08-09 14:57:30 +0530


Started GET "/assets/application.css?body=1" for 127.0.0.1 at 2014-08-09 14:57:30 +0530


Started GET "/assets/jquery.js?body=1" for 127.0.0.1 at 2014-08-09 14:57:30 +0530


Started GET "/assets/jquery_ujs.js?body=1" for 127.0.0.1 at 2014-08-09 14:57:30 +0530


Started GET "/assets/turbolinks.js?body=1" for 127.0.0.1 at 2014-08-09 14:57:30 +0530


Started GET "/assets/jquery.iframe-transport.js?body=1" for 127.0.0.1 at 2014-08-09 14:57:30 +0530


Started GET "/assets/jquery.remotipart.js?body=1" for 127.0.0.1 at 2014-08-09 14:57:30 +0530


Started GET "/assets/images.js?body=1" for 127.0.0.1 at 2014-08-09 14:57:30 +0530


Started GET "/assets/application.js?body=1" for 127.0.0.1 at 2014-08-09 14:57:30 +0530
  [1m[36m (3.0ms)[0m  [1mCREATE TABLE "schema_migrations" ("version" varchar(255) NOT NULL) [0m
  [1m[35m (0.1ms)[0m  select sqlite_version(*)
  [1m[36m (1.9ms)[0m  [1mCREATE UNIQUE INDEX "unique_schema_migrations" ON "schema_migrations" ("version")[0m
  [1m[35mActiveRecord::SchemaMigration Load (0.3ms)[0m  SELECT "schema_migrations".* FROM "schema_migrations"
Migrating to CreateImages (20140628170721)
  [1m[36m (0.1ms)[0m  [1mbegin transaction[0m
  [1m[35m (0.5ms)[0m  CREATE TABLE "images" ("id" INTEGER PRIMARY KEY AUTOINCREMENT NOT NULL, "created_at" datetime, "updated_at" datetime) 
  [1m[36m (0.2ms)[0m  [1mALTER TABLE "images" ADD "file_file_name" varchar(255)[0m
  [1m[35m (0.2ms)[0m  ALTER TABLE "images" ADD "file_content_type" varchar(255)
  [1m[36m (0.2ms)[0m  [1mALTER TABLE "images" ADD "file_file_size" integer[0m
  [1m[35m (0.2ms)[0m  ALTER TABLE "images" ADD "file_updated_at" datetime
  [1m[36mSQL (1.8ms)[0m  [1mINSERT INTO "schema_migrations" ("version") VALUES (?)[0m  [["version", "20140628170721"]]
  [1m[35m (2.3ms)[0m  commit transaction
  [1m[36mActiveRecord::SchemaMigration Load (0.1ms)[0m  [1mSELECT "schema_migrations".* FROM "schema_migrations"[0m


Started POST "/images" for 127.0.0.1 at 2014-08-09 15:09:35 +0530
  [1m[36mActiveRecord::SchemaMigration Load (0.2ms)[0m  [1mSELECT "schema_migrations".* FROM "schema_migrations"[0m
Processing by ImagesController#create as HTML
  Parameters: {"utf8"=>"✓", "authenticity_token"=>"NyfX24brfkRV5Ang8b+/6YxRa0h4IjRkjfVylifYAWE=", "image"=>{"file"=>#<ActionDispatch::Http::UploadedFile:0x00000003006510 @tempfile=#<File:/tmp/RackMultipart20140809-2844-1r0vhuc>, @original_filename="575896_532802706770467_1897012004_n.jpg", @content_type="image/jpeg", @headers="Content-Disposition: form-data; name=\"image[file]\"; filename=\"575896_532802706770467_1897012004_n.jpg\"\r\nContent-Type: image/jpeg\r\n">}, "commit"=>"Create Image"}
Command :: file -b --mime-type '/tmp/f5bb3deb74e3d9e2f1e813ddef16c3a720140809-2844-6dn274'
Command :: identify -format '%wx%h,%[exif:orientation]' '/tmp/38faf6a967ef085ff0f846d5c141739a20140809-2844-pl27cb[0]' 2>/dev/null
Command :: identify -format %m '/tmp/38faf6a967ef085ff0f846d5c141739a20140809-2844-pl27cb[0]'
Command :: convert '/tmp/38faf6a967ef085ff0f846d5c141739a20140809-2844-pl27cb[0]' -auto-orient -resize "300x300" '/tmp/38faf6a967ef085ff0f846d5c141739a20140809-2844-pl27cb20140809-2844-1vv9ah2'
Command :: file -b --mime '/tmp/38faf6a967ef085ff0f846d5c141739a20140809-2844-pl27cb20140809-2844-1vv9ah2'
Command :: identify -format '%wx%h,%[exif:orientation]' '/tmp/38faf6a967ef085ff0f846d5c141739a20140809-2844-pl27cb[0]' 2>/dev/null
Command :: identify -format %m '/tmp/38faf6a967ef085ff0f846d5c141739a20140809-2844-pl27cb[0]'
Command :: convert '/tmp/38faf6a967ef085ff0f846d5c141739a20140809-2844-pl27cb[0]' -auto-orient -resize "100x100>" '/tmp/38faf6a967ef085ff0f846d5c141739a20140809-2844-pl27cb20140809-2844-1o8igys'
Command :: file -b --mime '/tmp/38faf6a967ef085ff0f846d5c141739a20140809-2844-pl27cb20140809-2844-1o8igys'
  [1m[35m (0.3ms)[0m  begin transaction
Command :: file -b --mime-type '/tmp/0e2a861192e082c31d42e266835fa0c620140809-2844-zjw6k0'
Binary data inserted for `string` type on column `file_content_type`
  [1m[36mSQL (3.0ms)[0m  [1mINSERT INTO "images" ("created_at", "file_content_type", "file_file_name", "file_file_size", "file_updated_at", "updated_at") VALUES (?, ?, ?, ?, ?, ?)[0m  [["created_at", "2014-08-09 09:39:36.355715"], ["file_content_type", "image/jpeg"], ["file_file_name", "575896_532802706770467_1897012004_n.jpg"], ["file_file_size", 16042], ["file_updated_at", "2014-08-09 09:39:36.079585"], ["updated_at", "2014-08-09 09:39:36.355715"]]
  [1m[35m (0.5ms)[0m  rollback transaction
Completed 500 Internal Server Error in 2063ms

DropboxError (Forbidden):
  app/controllers/images_controller.rb:8:in `create'


  Rendered /home/sri/.rvm/gems/ruby-1.9.3-p484/gems/actionpack-4.1.0/lib/action_dispatch/middleware/templates/rescues/_source.erb (1.0ms)
  Rendered /home/sri/.rvm/gems/ruby-1.9.3-p484/gems/actionpack-4.1.0/lib/action_dispatch/middleware/templates/rescues/_trace.html.erb (1.7ms)
  Rendered /home/sri/.rvm/gems/ruby-1.9.3-p484/gems/actionpack-4.1.0/lib/action_dispatch/middleware/templates/rescues/_request_and_response.html.erb (1.9ms)
  Rendered /home/sri/.rvm/gems/ruby-1.9.3-p484/gems/actionpack-4.1.0/lib/action_dispatch/middleware/templates/rescues/diagnostics.erb within rescues/layout (23.9ms)


Started GET "/" for 127.0.0.1 at 2014-08-09 15:09:43 +0530
Processing by ImagesController#index as HTML
  Rendered images/_form.html.erb (66.5ms)
  [1m[36mImage Load (0.2ms)[0m  [1mSELECT "images".* FROM "images"[0m
  Rendered images/_image_list.html.erb (1.5ms)
  Rendered images/index.html.erb within layouts/application (77.0ms)
Completed 200 OK in 117ms (Views: 115.2ms | ActiveRecord: 0.2ms)


Started GET "/assets/images.css?body=1" for 127.0.0.1 at 2014-08-09 15:09:43 +0530


Started GET "/assets/application.css?body=1" for 127.0.0.1 at 2014-08-09 15:09:43 +0530


Started GET "/assets/jquery.js?body=1" for 127.0.0.1 at 2014-08-09 15:09:43 +0530


Started GET "/assets/jquery_ujs.js?body=1" for 127.0.0.1 at 2014-08-09 15:09:43 +0530


Started GET "/assets/jquery.remotipart.js?body=1" for 127.0.0.1 at 2014-08-09 15:09:43 +0530


Started GET "/assets/turbolinks.js?body=1" for 127.0.0.1 at 2014-08-09 15:09:43 +0530


Started GET "/assets/jquery.iframe-transport.js?body=1" for 127.0.0.1 at 2014-08-09 15:09:43 +0530


Started GET "/assets/images.js?body=1" for 127.0.0.1 at 2014-08-09 15:09:43 +0530


Started GET "/assets/application.js?body=1" for 127.0.0.1 at 2014-08-09 15:09:43 +0530


Started POST "/images" for 127.0.0.1 at 2014-08-09 15:09:47 +0530
Processing by ImagesController#create as HTML
  Parameters: {"utf8"=>"✓", "authenticity_token"=>"NyfX24brfkRV5Ang8b+/6YxRa0h4IjRkjfVylifYAWE=", "image"=>{"file"=>#<ActionDispatch::Http::UploadedFile:0x00000003c7f710 @tempfile=#<File:/tmp/RackMultipart20140809-2844-15rx79i>, @original_filename="56883622_18f242e114.jpeg", @content_type="image/jpeg", @headers="Content-Disposition: form-data; name=\"image[file]\"; filename=\"56883622_18f242e114.jpeg\"\r\nContent-Type: image/jpeg\r\n">}, "commit"=>"Create Image"}
Command :: file -b --mime-type '/tmp/f701602746621e05a5176aecf890aaa720140809-2844-6jof1m'
Command :: identify -format '%wx%h,%[exif:orientation]' '/tmp/f306f74710bbe4e32adc0875b062791620140809-2844-is9vxe[0]' 2>/dev/null
Command :: identify -format %m '/tmp/f306f74710bbe4e32adc0875b062791620140809-2844-is9vxe[0]'
Command :: convert '/tmp/f306f74710bbe4e32adc0875b062791620140809-2844-is9vxe[0]' -auto-orient -resize "300x300" '/tmp/f306f74710bbe4e32adc0875b062791620140809-2844-is9vxe20140809-2844-199a3aj'
Command :: file -b --mime '/tmp/f306f74710bbe4e32adc0875b062791620140809-2844-is9vxe20140809-2844-199a3aj'
Command :: identify -format '%wx%h,%[exif:orientation]' '/tmp/f306f74710bbe4e32adc0875b062791620140809-2844-is9vxe[0]' 2>/dev/null
Command :: identify -format %m '/tmp/f306f74710bbe4e32adc0875b062791620140809-2844-is9vxe[0]'
Command :: convert '/tmp/f306f74710bbe4e32adc0875b062791620140809-2844-is9vxe[0]' -auto-orient -resize "100x100>" '/tmp/f306f74710bbe4e32adc0875b062791620140809-2844-is9vxe20140809-2844-1jo39az'
Command :: file -b --mime '/tmp/f306f74710bbe4e32adc0875b062791620140809-2844-is9vxe20140809-2844-1jo39az'
  [1m[35m (0.2ms)[0m  begin transaction
Command :: file -b --mime-type '/tmp/1195604489ad2e0f2fb1797b7d9f6b6f20140809-2844-ies2cb'
Binary data inserted for `string` type on column `file_content_type`
  [1m[36mSQL (0.4ms)[0m  [1mINSERT INTO "images" ("created_at", "file_content_type", "file_file_name", "file_file_size", "file_updated_at", "updated_at") VALUES (?, ?, ?, ?, ?, ?)[0m  [["created_at", "2014-08-09 09:39:48.151801"], ["file_content_type", "image/jpeg"], ["file_file_name", "56883622_18f242e114.jpeg"], ["file_file_size", 31942], ["file_updated_at", "2014-08-09 09:39:47.861803"], ["updated_at", "2014-08-09 09:39:48.151801"]]
  [1m[35m (0.4ms)[0m  rollback transaction
Completed 500 Internal Server Error in 1835ms

DropboxError (Forbidden):
  app/controllers/images_controller.rb:8:in `create'


  Rendered /home/sri/.rvm/gems/ruby-1.9.3-p484/gems/actionpack-4.1.0/lib/action_dispatch/middleware/templates/rescues/_source.erb (0.8ms)
  Rendered /home/sri/.rvm/gems/ruby-1.9.3-p484/gems/actionpack-4.1.0/lib/action_dispatch/middleware/templates/rescues/_trace.html.erb (1.9ms)
  Rendered /home/sri/.rvm/gems/ruby-1.9.3-p484/gems/actionpack-4.1.0/lib/action_dispatch/middleware/templates/rescues/_request_and_response.html.erb (1.6ms)
  Rendered /home/sri/.rvm/gems/ruby-1.9.3-p484/gems/actionpack-4.1.0/lib/action_dispatch/middleware/templates/rescues/diagnostics.erb within rescues/layout (18.5ms)
  [1m[36m (3.2ms)[0m  [1mCREATE TABLE "schema_migrations" ("version" varchar(255) NOT NULL) [0m
  [1m[35m (0.2ms)[0m  select sqlite_version(*)
  [1m[36m (2.2ms)[0m  [1mCREATE UNIQUE INDEX "unique_schema_migrations" ON "schema_migrations" ("version")[0m
  [1m[35mActiveRecord::SchemaMigration Load (0.1ms)[0m  SELECT "schema_migrations".* FROM "schema_migrations"
Migrating to CreateImages (20140628170721)
  [1m[36m (0.2ms)[0m  [1mbegin transaction[0m
  [1m[35m (0.5ms)[0m  CREATE TABLE "images" ("id" INTEGER PRIMARY KEY AUTOINCREMENT NOT NULL, "created_at" datetime, "updated_at" datetime) 
  [1m[36m (0.2ms)[0m  [1mALTER TABLE "images" ADD "file_file_name" varchar(255)[0m
  [1m[35m (0.2ms)[0m  ALTER TABLE "images" ADD "file_content_type" varchar(255)
  [1m[36m (0.2ms)[0m  [1mALTER TABLE "images" ADD "file_file_size" integer[0m
  [1m[35m (0.2ms)[0m  ALTER TABLE "images" ADD "file_updated_at" datetime
  [1m[36mSQL (1.8ms)[0m  [1mINSERT INTO "schema_migrations" ("version") VALUES (?)[0m  [["version", "20140628170721"]]
  [1m[35m (2.2ms)[0m  commit transaction
  [1m[36mActiveRecord::SchemaMigration Load (0.2ms)[0m  [1mSELECT "schema_migrations".* FROM "schema_migrations"[0m


Started GET "/" for 127.0.0.1 at 2014-08-09 15:10:36 +0530
  [1m[36mActiveRecord::SchemaMigration Load (0.2ms)[0m  [1mSELECT "schema_migrations".* FROM "schema_migrations"[0m
Processing by ImagesController#index as HTML
  Rendered images/_form.html.erb (66.5ms)
  [1m[35mImage Load (0.3ms)[0m  SELECT "images".* FROM "images"
  Rendered images/_image_list.html.erb (1.5ms)
  Rendered images/index.html.erb within layouts/application (114.7ms)
Completed 200 OK in 219ms (Views: 200.4ms | ActiveRecord: 0.8ms)


Started GET "/assets/images.css?body=1" for 127.0.0.1 at 2014-08-09 15:10:37 +0530


Started GET "/assets/turbolinks.js?body=1" for 127.0.0.1 at 2014-08-09 15:10:38 +0530


Started GET "/assets/jquery.iframe-transport.js?body=1" for 127.0.0.1 at 2014-08-09 15:10:38 +0530


Started GET "/assets/jquery.js?body=1" for 127.0.0.1 at 2014-08-09 15:10:38 +0530


Started GET "/assets/jquery_ujs.js?body=1" for 127.0.0.1 at 2014-08-09 15:10:38 +0530


Started GET "/assets/application.css?body=1" for 127.0.0.1 at 2014-08-09 15:10:38 +0530


Started GET "/assets/jquery.remotipart.js?body=1" for 127.0.0.1 at 2014-08-09 15:10:38 +0530


Started GET "/assets/application.js?body=1" for 127.0.0.1 at 2014-08-09 15:10:38 +0530


Started GET "/assets/images.js?body=1" for 127.0.0.1 at 2014-08-09 15:10:38 +0530


Started POST "/images" for 127.0.0.1 at 2014-08-09 15:10:41 +0530
Processing by ImagesController#create as HTML
  Parameters: {"utf8"=>"✓", "authenticity_token"=>"NyfX24brfkRV5Ang8b+/6YxRa0h4IjRkjfVylifYAWE=", "image"=>{"file"=>#<ActionDispatch::Http::UploadedFile:0x007fe46422d760 @tempfile=#<File:/tmp/RackMultipart20140809-3006-68eh4b>, @original_filename="10372757_780179035347407_1339019696800976298_n.jpg", @content_type="image/jpeg", @headers="Content-Disposition: form-data; name=\"image[file]\"; filename=\"10372757_780179035347407_1339019696800976298_n.jpg\"\r\nContent-Type: image/jpeg\r\n">}, "commit"=>"Create Image"}
Command :: file -b --mime-type '/tmp/f6d2bf0efc25ecceb626558ea52cd95520140809-3006-12ardcg'
Command :: identify -format '%wx%h,%[exif:orientation]' '/tmp/eff64e41506a1694b36155de0568f84e20140809-3006-1rk9xp8[0]' 2>/dev/null
Command :: identify -format %m '/tmp/eff64e41506a1694b36155de0568f84e20140809-3006-1rk9xp8[0]'
Command :: convert '/tmp/eff64e41506a1694b36155de0568f84e20140809-3006-1rk9xp8[0]' -auto-orient -resize "300x300" '/tmp/eff64e41506a1694b36155de0568f84e20140809-3006-1rk9xp820140809-3006-1p6h3c5'
Command :: file -b --mime '/tmp/eff64e41506a1694b36155de0568f84e20140809-3006-1rk9xp820140809-3006-1p6h3c5'
Command :: identify -format '%wx%h,%[exif:orientation]' '/tmp/eff64e41506a1694b36155de0568f84e20140809-3006-1rk9xp8[0]' 2>/dev/null
Command :: identify -format %m '/tmp/eff64e41506a1694b36155de0568f84e20140809-3006-1rk9xp8[0]'
Command :: convert '/tmp/eff64e41506a1694b36155de0568f84e20140809-3006-1rk9xp8[0]' -auto-orient -resize "100x100>" '/tmp/eff64e41506a1694b36155de0568f84e20140809-3006-1rk9xp820140809-3006-r179jp'
Command :: file -b --mime '/tmp/eff64e41506a1694b36155de0568f84e20140809-3006-1rk9xp820140809-3006-r179jp'
  [1m[36m (0.3ms)[0m  [1mbegin transaction[0m
Command :: file -b --mime-type '/tmp/5172d195ca9bfd6ee7bf6257fff6207f20140809-3006-1ddgo3e'
Binary data inserted for `string` type on column `file_content_type`
  [1m[35mSQL (2.8ms)[0m  INSERT INTO "images" ("created_at", "file_content_type", "file_file_name", "file_file_size", "file_updated_at", "updated_at") VALUES (?, ?, ?, ?, ?, ?)  [["created_at", "2014-08-09 09:40:41.893475"], ["file_content_type", "image/jpeg"], ["file_file_name", "10372757_780179035347407_1339019696800976298_n.jpg"], ["file_file_size", 14571], ["file_updated_at", "2014-08-09 09:40:41.588444"], ["updated_at", "2014-08-09 09:40:41.893475"]]
  [1m[36m (2.7ms)[0m  [1mcommit transaction[0m
  Rendered images/_form.html.erb (5.0ms)
  [1m[35mImage Load (0.5ms)[0m  SELECT "images".* FROM "images"
  Rendered images/_image_list.html.erb (1826.3ms)
  Rendered images/index.html.erb within layouts/application (1835.0ms)
Completed 200 OK in 9279ms (Views: 1843.4ms | ActiveRecord: 6.3ms)


Started GET "/assets/images.css?body=1" for 127.0.0.1 at 2014-08-09 15:10:50 +0530


Started GET "/assets/application.css?body=1" for 127.0.0.1 at 2014-08-09 15:10:50 +0530


Started GET "/assets/turbolinks.js?body=1" for 127.0.0.1 at 2014-08-09 15:10:50 +0530


Started GET "/assets/jquery.js?body=1" for 127.0.0.1 at 2014-08-09 15:10:50 +0530


Started GET "/assets/jquery_ujs.js?body=1" for 127.0.0.1 at 2014-08-09 15:10:50 +0530


Started GET "/assets/jquery.iframe-transport.js?body=1" for 127.0.0.1 at 2014-08-09 15:10:50 +0530


Started GET "/assets/jquery.remotipart.js?body=1" for 127.0.0.1 at 2014-08-09 15:10:50 +0530


Started GET "/assets/images.js?body=1" for 127.0.0.1 at 2014-08-09 15:10:50 +0530


Started GET "/assets/application.js?body=1" for 127.0.0.1 at 2014-08-09 15:10:50 +0530
  [1m[36m (2.7ms)[0m  [1mCREATE TABLE "schema_migrations" ("version" varchar(255) NOT NULL) [0m
  [1m[35m (0.2ms)[0m  select sqlite_version(*)
  [1m[36m (1.8ms)[0m  [1mCREATE UNIQUE INDEX "unique_schema_migrations" ON "schema_migrations" ("version")[0m
  [1m[35mActiveRecord::SchemaMigration Load (0.2ms)[0m  SELECT "schema_migrations".* FROM "schema_migrations"
Migrating to CreateImages (20140628170721)
  [1m[36m (0.2ms)[0m  [1mbegin transaction[0m
  [1m[35m (0.5ms)[0m  CREATE TABLE "images" ("id" INTEGER PRIMARY KEY AUTOINCREMENT NOT NULL, "created_at" datetime, "updated_at" datetime) 
  [1m[36m (0.2ms)[0m  [1mALTER TABLE "images" ADD "file_file_name" varchar(255)[0m
  [1m[35m (0.2ms)[0m  ALTER TABLE "images" ADD "file_content_type" varchar(255)
  [1m[36m (0.2ms)[0m  [1mALTER TABLE "images" ADD "file_file_size" integer[0m
  [1m[35m (0.2ms)[0m  ALTER TABLE "images" ADD "file_updated_at" datetime
  [1m[36mSQL (2.9ms)[0m  [1mINSERT INTO "schema_migrations" ("version") VALUES (?)[0m  [["version", "20140628170721"]]
  [1m[35m (1.8ms)[0m  commit transaction
  [1m[36mActiveRecord::SchemaMigration Load (0.1ms)[0m  [1mSELECT "schema_migrations".* FROM "schema_migrations"[0m
  [1m[36m (2.5ms)[0m  [1mCREATE TABLE "schema_migrations" ("version" varchar(255) NOT NULL) [0m
  [1m[35m (0.2ms)[0m  select sqlite_version(*)
  [1m[36m (2.1ms)[0m  [1mCREATE UNIQUE INDEX "unique_schema_migrations" ON "schema_migrations" ("version")[0m
  [1m[35mActiveRecord::SchemaMigration Load (0.2ms)[0m  SELECT "schema_migrations".* FROM "schema_migrations"
Migrating to CreateImages (20140628170721)
  [1m[36m (0.1ms)[0m  [1mbegin transaction[0m
  [1m[35m (0.4ms)[0m  CREATE TABLE "images" ("id" INTEGER PRIMARY KEY AUTOINCREMENT NOT NULL, "created_at" datetime, "updated_at" datetime) 
  [1m[36m (0.2ms)[0m  [1mALTER TABLE "images" ADD "file_file_name" varchar(255)[0m
  [1m[35m (0.2ms)[0m  ALTER TABLE "images" ADD "file_content_type" varchar(255)
  [1m[36m (0.2ms)[0m  [1mALTER TABLE "images" ADD "file_file_size" integer[0m
  [1m[35m (0.2ms)[0m  ALTER TABLE "images" ADD "file_updated_at" datetime
  [1m[36mSQL (3.0ms)[0m  [1mINSERT INTO "schema_migrations" ("version") VALUES (?)[0m  [["version", "20140628170721"]]
  [1m[35m (23.1ms)[0m  commit transaction
  [1m[36mActiveRecord::SchemaMigration Load (0.1ms)[0m  [1mSELECT "schema_migrations".* FROM "schema_migrations"[0m


Started GET "/" for 127.0.0.1 at 2014-08-11 21:51:22 +0530
  [1m[36mActiveRecord::SchemaMigration Load (0.2ms)[0m  [1mSELECT "schema_migrations".* FROM "schema_migrations"[0m
Processing by ImagesController#index as HTML
DEPRECATION WARNING: String based terminators are deprecated, please use a lambda. (called from <class:Image> at /home/sri/dropbox-app/app/models/image.rb:12)
  Rendered images/_form.html.erb (78.7ms)
  [1m[35mImage Load (0.2ms)[0m  SELECT "images".* FROM "images"
  Rendered images/_image_list.html.erb (1.5ms)
  Rendered images/index.html.erb within layouts/application (130.8ms)
Completed 200 OK in 1374ms (Views: 1311.3ms | ActiveRecord: 0.8ms)


Started GET "/assets/images.css?body=1" for 127.0.0.1 at 2014-08-11 21:51:24 +0530


Started GET "/assets/application.css?body=1" for 127.0.0.1 at 2014-08-11 21:51:24 +0530


Started GET "/assets/jquery_ujs.js?body=1" for 127.0.0.1 at 2014-08-11 21:51:24 +0530


Started GET "/assets/turbolinks.js?body=1" for 127.0.0.1 at 2014-08-11 21:51:24 +0530


Started GET "/assets/jquery.iframe-transport.js?body=1" for 127.0.0.1 at 2014-08-11 21:51:24 +0530


Started GET "/assets/jquery.js?body=1" for 127.0.0.1 at 2014-08-11 21:51:24 +0530


Started GET "/assets/jquery.remotipart.js?body=1" for 127.0.0.1 at 2014-08-11 21:51:24 +0530


Started GET "/assets/application.js?body=1" for 127.0.0.1 at 2014-08-11 21:51:24 +0530


Started GET "/assets/images.js?body=1" for 127.0.0.1 at 2014-08-11 21:51:24 +0530


Started POST "/images" for 127.0.0.1 at 2014-08-11 21:51:30 +0530
Processing by ImagesController#create as HTML
  Parameters: {"utf8"=>"✓", "authenticity_token"=>"11WSqXZe5Xk6jIgEPzqwVE/lYMenZVc9BUstZ85TJfY=", "image"=>{"file"=>#<ActionDispatch::Http::UploadedFile:0x00000003e0fb48 @tempfile=#<File:/tmp/RackMultipart20140811-10543-1jr7g9p>, @original_filename="kkkabra.jpg", @content_type="image/jpeg", @headers="Content-Disposition: form-data; name=\"image[file]\"; filename=\"kkkabra.jpg\"\r\nContent-Type: image/jpeg\r\n">}, "commit"=>"Create Image"}
Completed 500 Internal Server Error in 2ms

Errno::ENOENT (No such file or directory - /home/sri/dropbox-app/config/google-drive.yml):
  app/controllers/images_controller.rb:7:in `create'


  Rendered /home/sri/.rvm/gems/ruby-1.9.3-p484@oauth/gems/actionpack-4.1.0/lib/action_dispatch/middleware/templates/rescues/_source.erb (0.8ms)
  Rendered /home/sri/.rvm/gems/ruby-1.9.3-p484@oauth/gems/actionpack-4.1.0/lib/action_dispatch/middleware/templates/rescues/_trace.html.erb (1.5ms)
  Rendered /home/sri/.rvm/gems/ruby-1.9.3-p484@oauth/gems/actionpack-4.1.0/lib/action_dispatch/middleware/templates/rescues/_request_and_response.html.erb (1.4ms)
  Rendered /home/sri/.rvm/gems/ruby-1.9.3-p484@oauth/gems/actionpack-4.1.0/lib/action_dispatch/middleware/templates/rescues/diagnostics.erb within rescues/layout (19.5ms)


Started GET "/" for 127.0.0.1 at 2014-08-11 21:52:09 +0530
Processing by ImagesController#index as HTML
DEPRECATION WARNING: String based terminators are deprecated, please use a lambda. (called from <class:Image> at /home/sri/dropbox-app/app/models/image.rb:12)
  Rendered images/_form.html.erb (10.5ms)
  [1m[36mImage Load (0.2ms)[0m  [1mSELECT "images".* FROM "images"[0m
  Rendered images/_image_list.html.erb (0.9ms)
  Rendered images/index.html.erb within layouts/application (13.1ms)
Completed 200 OK in 24ms (Views: 18.3ms | ActiveRecord: 0.9ms)


Started HEAD "/" for 127.0.0.1 at 2014-08-11 21:52:10 +0530
Processing by ImagesController#index as */*
  Rendered images/_form.html.erb (3.0ms)
  [1m[35mImage Load (0.3ms)[0m  SELECT "images".* FROM "images"
  Rendered images/_image_list.html.erb (1.7ms)
  Rendered images/index.html.erb within layouts/application (13.1ms)
Completed 200 OK in 22ms (Views: 21.0ms | ActiveRecord: 0.3ms)


Started GET "/assets/images.css?body=1" for 127.0.0.1 at 2014-08-11 21:52:10 +0530


Started GET "/assets/jquery_ujs.js?body=1" for 127.0.0.1 at 2014-08-11 21:52:10 +0530


Started GET "/assets/jquery.js?body=1" for 127.0.0.1 at 2014-08-11 21:52:10 +0530


Started GET "/assets/turbolinks.js?body=1" for 127.0.0.1 at 2014-08-11 21:52:10 +0530


Started GET "/assets/jquery.iframe-transport.js?body=1" for 127.0.0.1 at 2014-08-11 21:52:10 +0530


Started GET "/assets/application.css?body=1" for 127.0.0.1 at 2014-08-11 21:52:10 +0530


Started GET "/assets/jquery.remotipart.js?body=1" for 127.0.0.1 at 2014-08-11 21:52:10 +0530


Started GET "/assets/images.js?body=1" for 127.0.0.1 at 2014-08-11 21:52:10 +0530


Started GET "/assets/application.js?body=1" for 127.0.0.1 at 2014-08-11 21:52:10 +0530


Started POST "/images" for 127.0.0.1 at 2014-08-11 21:52:16 +0530
Processing by ImagesController#create as HTML
  Parameters: {"utf8"=>"✓", "authenticity_token"=>"9SryG/yy4S8Qcl0huKH44jE4PYxe6kq1xoRJLV8jwP0=", "image"=>{"file"=>#<ActionDispatch::Http::UploadedFile:0x007fe2fc0699d8 @tempfile=#<File:/tmp/RackMultipart20140811-10543-1rinjly>, @original_filename="active_star.png", @content_type="image/png", @headers="Content-Disposition: form-data; name=\"image[file]\"; filename=\"active_star.png\"\r\nContent-Type: image/png\r\n">}, "commit"=>"Create Image"}
Google::APIClient - Initializing client with options {:application_name=>"ppc-gd", :application_version=>"0.1.3"}
Command :: identify -format '%wx%h,%[exif:orientation]' '/tmp/26784ceeba912c8d9e1cdc4879f1aab720140811-10543-f6y740.png[0]' 2>/dev/null
Command :: identify -format %m '/tmp/26784ceeba912c8d9e1cdc4879f1aab720140811-10543-f6y740.png[0]'
Command :: identify -format %m '/tmp/26784ceeba912c8d9e1cdc4879f1aab720140811-10543-f6y740.png[0]'
Command :: identify -format %m '/tmp/26784ceeba912c8d9e1cdc4879f1aab720140811-10543-f6y740.png[0]'
Command :: convert '/tmp/26784ceeba912c8d9e1cdc4879f1aab720140811-10543-f6y740.png[0]' -auto-orient -resize "300x300" '/tmp/26784ceeba912c8d9e1cdc4879f1aab720140811-10543-f6y74020140811-10543-tsc84n'
Command :: file -b --mime '/tmp/26784ceeba912c8d9e1cdc4879f1aab720140811-10543-f6y74020140811-10543-tsc84n'
  [1m[36m (0.3ms)[0m  [1mbegin transaction[0m
Binary data inserted for `string` type on column `file_content_type`
  [1m[35mSQL (2.9ms)[0m  INSERT INTO "images" ("created_at", "file_content_type", "file_file_name", "file_file_size", "file_updated_at", "updated_at") VALUES (?, ?, ?, ?, ?, ?)  [["created_at", "2014-08-11 16:22:17.463562"], ["file_content_type", "image/png"], ["file_file_name", "active_star.png"], ["file_file_size", 1387], ["file_updated_at", "2014-08-11 16:22:16.715071"], ["updated_at", "2014-08-11 16:22:17.463562"]]
Google::APIClient::Request Sending API request get https://www.googleapis.com/discovery/v1/apis/drive/v2/rest {"User-Agent"=>"ppc-gd/0.1.3 google-api-ruby-client/0.7.1 Linux/3.13.0-32-generic\n (gzip)", "Accept-Encoding"=>"gzip", "Content-Type"=>""}
Decompressing gzip encoded response (14061 bytes)
Decompressed (117229 bytes)
Google::APIClient::Request Result: 200 {"expires"=>"Mon, 11 Aug 2014 16:27:25 GMT", "date"=>"Mon, 11 Aug 2014 16:22:25 GMT", "cache-control"=>"public, max-age=300, must-revalidate, no-transform", "etag"=>"\"FrPV2U6xXFUq8eRv_PO3IoAURkc/JEi5eTOOAriIM_BFMFqz7rK7kWg\"", "content-type"=>"application/json; charset=UTF-8", "x-content-type-options"=>"nosniff", "x-frame-options"=>"SAMEORIGIN", "x-xss-protection"=>"1; mode=block", "content-length"=>"14061", "server"=>"GSE", "alternate-protocol"=>"443:quic", "connection"=>"close"}
  [1m[36m (0.3ms)[0m  [1mrollback transaction[0m
Completed 500 Internal Server Error in 9239ms

ArgumentError (Missing access token.):
  app/controllers/images_controller.rb:8:in `create'


  Rendered /home/sri/.rvm/gems/ruby-1.9.3-p484@oauth/gems/actionpack-4.1.0/lib/action_dispatch/middleware/templates/rescues/_source.erb (0.8ms)
  Rendered /home/sri/.rvm/gems/ruby-1.9.3-p484@oauth/gems/actionpack-4.1.0/lib/action_dispatch/middleware/templates/rescues/_trace.html.erb (1.5ms)
  Rendered /home/sri/.rvm/gems/ruby-1.9.3-p484@oauth/gems/actionpack-4.1.0/lib/action_dispatch/middleware/templates/rescues/_request_and_response.html.erb (1.6ms)
  Rendered /home/sri/.rvm/gems/ruby-1.9.3-p484@oauth/gems/actionpack-4.1.0/lib/action_dispatch/middleware/templates/rescues/diagnostics.erb within rescues/layout (19.3ms)


Started HEAD "/images" for 127.0.0.1 at 2014-08-11 21:52:25 +0530
Processing by ImagesController#index as */*
  Rendered images/_form.html.erb (2.3ms)
  [1m[35mImage Load (0.3ms)[0m  SELECT "images".* FROM "images"
  Rendered images/_image_list.html.erb (1.5ms)
  Rendered images/index.html.erb within layouts/application (11.1ms)
Completed 200 OK in 26ms (Views: 22.9ms | ActiveRecord: 0.3ms)


Started GET "/images" for 127.0.0.1 at 2014-08-11 22:16:48 +0530
Processing by ImagesController#index as HTML
DEPRECATION WARNING: String based terminators are deprecated, please use a lambda. (called from <class:Image> at /home/sri/dropbox-app/app/models/image.rb:12)
  Rendered images/_form.html.erb (9.5ms)
  [1m[36mImage Load (0.2ms)[0m  [1mSELECT "images".* FROM "images"[0m
  Rendered images/_image_list.html.erb (0.9ms)
  Rendered images/index.html.erb within layouts/application (11.9ms)
Completed 200 OK in 25ms (Views: 19.1ms | ActiveRecord: 0.9ms)


Started HEAD "/images" for 127.0.0.1 at 2014-08-11 22:16:48 +0530
Processing by ImagesController#index as */*
  Rendered images/_form.html.erb (2.1ms)
  [1m[35mImage Load (0.2ms)[0m  SELECT "images".* FROM "images"
  Rendered images/_image_list.html.erb (0.9ms)
  Rendered images/index.html.erb within layouts/application (9.9ms)
Completed 200 OK in 20ms (Views: 18.4ms | ActiveRecord: 0.2ms)


Started GET "/assets/jquery.iframe-transport.js?body=1" for 127.0.0.1 at 2014-08-11 22:16:48 +0530


Started GET "/assets/jquery.remotipart.js?body=1" for 127.0.0.1 at 2014-08-11 22:16:48 +0530


Started POST "/images" for 127.0.0.1 at 2014-08-11 22:16:53 +0530
Processing by ImagesController#create as HTML
  Parameters: {"utf8"=>"✓", "authenticity_token"=>"9SryG/yy4S8Qcl0huKH44jE4PYxe6kq1xoRJLV8jwP0=", "image"=>{"file"=>#<ActionDispatch::Http::UploadedFile:0x007fe2fc407a18 @tempfile=#<File:/tmp/RackMultipart20140811-10543-vx6c8z>, @original_filename="add.png", @content_type="image/png", @headers="Content-Disposition: form-data; name=\"image[file]\"; filename=\"add.png\"\r\nContent-Type: image/png\r\n">}, "commit"=>"Create Image"}
Google::APIClient - Initializing client with options {:application_name=>"ppc-gd", :application_version=>"0.1.3"}
Command :: identify -format '%wx%h,%[exif:orientation]' '/tmp/34ec78fcc91ffb1e54cd85e4a092433220140811-10543-15rdnk1.png[0]' 2>/dev/null
Command :: identify -format %m '/tmp/34ec78fcc91ffb1e54cd85e4a092433220140811-10543-15rdnk1.png[0]'
Command :: identify -format %m '/tmp/34ec78fcc91ffb1e54cd85e4a092433220140811-10543-15rdnk1.png[0]'
Command :: identify -format %m '/tmp/34ec78fcc91ffb1e54cd85e4a092433220140811-10543-15rdnk1.png[0]'
Command :: convert '/tmp/34ec78fcc91ffb1e54cd85e4a092433220140811-10543-15rdnk1.png[0]' -auto-orient -resize "300x300" '/tmp/34ec78fcc91ffb1e54cd85e4a092433220140811-10543-15rdnk120140811-10543-fhc63c'
Command :: file -b --mime '/tmp/34ec78fcc91ffb1e54cd85e4a092433220140811-10543-15rdnk120140811-10543-fhc63c'
  [1m[36m (0.3ms)[0m  [1mbegin transaction[0m
Binary data inserted for `string` type on column `file_content_type`
  [1m[35mSQL (0.7ms)[0m  INSERT INTO "images" ("created_at", "file_content_type", "file_file_name", "file_file_size", "file_updated_at", "updated_at") VALUES (?, ?, ?, ?, ?, ?)  [["created_at", "2014-08-11 16:46:53.853028"], ["file_content_type", "image/png"], ["file_file_name", "add.png"], ["file_file_size", 733], ["file_updated_at", "2014-08-11 16:46:53.658627"], ["updated_at", "2014-08-11 16:46:53.853028"]]
Google::APIClient::Request Sending API request get https://www.googleapis.com/discovery/v1/apis/drive/v2/rest {"User-Agent"=>"ppc-gd/0.1.3 google-api-ruby-client/0.7.1 Linux/3.13.0-32-generic\n (gzip)", "Accept-Encoding"=>"gzip", "Content-Type"=>""}
Decompressing gzip encoded response (14061 bytes)
Decompressed (117229 bytes)
Google::APIClient::Request Result: 200 {"expires"=>"Mon, 11 Aug 2014 16:51:56 GMT", "date"=>"Mon, 11 Aug 2014 16:46:56 GMT", "cache-control"=>"public, max-age=300, must-revalidate, no-transform", "etag"=>"\"FrPV2U6xXFUq8eRv_PO3IoAURkc/JEi5eTOOAriIM_BFMFqz7rK7kWg\"", "content-type"=>"application/json; charset=UTF-8", "x-content-type-options"=>"nosniff", "x-frame-options"=>"SAMEORIGIN", "x-xss-protection"=>"1; mode=block", "content-length"=>"14061", "server"=>"GSE", "alternate-protocol"=>"443:quic", "connection"=>"close"}
  [1m[36m (1.3ms)[0m  [1mrollback transaction[0m
Completed 500 Internal Server Error in 3809ms

ArgumentError (Missing access token.):
  app/controllers/images_controller.rb:8:in `create'


  Rendered /home/sri/.rvm/gems/ruby-1.9.3-p484@oauth/gems/actionpack-4.1.0/lib/action_dispatch/middleware/templates/rescues/_source.erb (1.0ms)
  Rendered /home/sri/.rvm/gems/ruby-1.9.3-p484@oauth/gems/actionpack-4.1.0/lib/action_dispatch/middleware/templates/rescues/_trace.html.erb (58.5ms)
  Rendered /home/sri/.rvm/gems/ruby-1.9.3-p484@oauth/gems/actionpack-4.1.0/lib/action_dispatch/middleware/templates/rescues/_request_and_response.html.erb (1.6ms)
  Rendered /home/sri/.rvm/gems/ruby-1.9.3-p484@oauth/gems/actionpack-4.1.0/lib/action_dispatch/middleware/templates/rescues/diagnostics.erb within rescues/layout (77.3ms)


Started HEAD "/images" for 127.0.0.1 at 2014-08-11 22:16:57 +0530
Processing by ImagesController#index as */*
  Rendered images/_form.html.erb (4.7ms)
  [1m[35mImage Load (0.3ms)[0m  SELECT "images".* FROM "images"
  Rendered images/_image_list.html.erb (1.3ms)
  Rendered images/index.html.erb within layouts/application (13.5ms)
Completed 200 OK in 25ms (Views: 22.8ms | ActiveRecord: 0.3ms)


Started GET "/images" for 127.0.0.1 at 2014-08-11 22:18:51 +0530
Processing by ImagesController#index as HTML
  Rendered images/_form.html.erb (1.7ms)
  [1m[36mImage Load (0.2ms)[0m  [1mSELECT "images".* FROM "images"[0m
  Rendered images/_image_list.html.erb (0.8ms)
  Rendered images/index.html.erb within layouts/application (4.1ms)
Completed 200 OK in 11ms (Views: 9.7ms | ActiveRecord: 0.2ms)


Started HEAD "/images" for 127.0.0.1 at 2014-08-11 22:18:51 +0530
Processing by ImagesController#index as */*
  Rendered images/_form.html.erb (2.4ms)
  [1m[35mImage Load (0.3ms)[0m  SELECT "images".* FROM "images"
  Rendered images/_image_list.html.erb (1.0ms)
  Rendered images/index.html.erb within layouts/application (12.1ms)
Completed 200 OK in 24ms (Views: 22.8ms | ActiveRecord: 0.3ms)


Started GET "/assets/jquery.iframe-transport.js?body=1" for 127.0.0.1 at 2014-08-11 22:18:51 +0530


Started GET "/assets/jquery.remotipart.js?body=1" for 127.0.0.1 at 2014-08-11 22:18:51 +0530


Started POST "/images" for 127.0.0.1 at 2014-08-11 22:18:56 +0530
Processing by ImagesController#create as HTML
  Parameters: {"utf8"=>"✓", "authenticity_token"=>"9SryG/yy4S8Qcl0huKH44jE4PYxe6kq1xoRJLV8jwP0=", "image"=>{"file"=>#<ActionDispatch::Http::UploadedFile:0x007fe3100748b0 @tempfile=#<File:/tmp/RackMultipart20140811-10543-ffbb5j>, @original_filename="facebook.jpg", @content_type="image/jpeg", @headers="Content-Disposition: form-data; name=\"image[file]\"; filename=\"facebook.jpg\"\r\nContent-Type: image/jpeg\r\n">}, "commit"=>"Create Image"}
Google::APIClient - Initializing client with options {:application_name=>"ppc-gd", :application_version=>"0.1.3"}
Command :: identify -format '%wx%h,%[exif:orientation]' '/tmp/26cae7718c32180a7a0f8e19d6d40a5920140811-10543-6hmky9.jpg[0]' 2>/dev/null
Command :: identify -format %m '/tmp/26cae7718c32180a7a0f8e19d6d40a5920140811-10543-6hmky9.jpg[0]'
Command :: identify -format %m '/tmp/26cae7718c32180a7a0f8e19d6d40a5920140811-10543-6hmky9.jpg[0]'
Command :: identify -format %m '/tmp/26cae7718c32180a7a0f8e19d6d40a5920140811-10543-6hmky9.jpg[0]'
Command :: convert '/tmp/26cae7718c32180a7a0f8e19d6d40a5920140811-10543-6hmky9.jpg[0]' -auto-orient -resize "300x300" '/tmp/26cae7718c32180a7a0f8e19d6d40a5920140811-10543-6hmky920140811-10543-hg25g1'
Command :: file -b --mime '/tmp/26cae7718c32180a7a0f8e19d6d40a5920140811-10543-6hmky920140811-10543-hg25g1'
  [1m[36m (0.2ms)[0m  [1mbegin transaction[0m
Binary data inserted for `string` type on column `file_content_type`
  [1m[35mSQL (0.3ms)[0m  INSERT INTO "images" ("created_at", "file_content_type", "file_file_name", "file_file_size", "file_updated_at", "updated_at") VALUES (?, ?, ?, ?, ?, ?)  [["created_at", "2014-08-11 16:48:56.811450"], ["file_content_type", "image/jpeg"], ["file_file_name", "facebook.jpg"], ["file_file_size", 631], ["file_updated_at", "2014-08-11 16:48:56.588973"], ["updated_at", "2014-08-11 16:48:56.811450"]]
Google::APIClient::Request Sending API request get https://www.googleapis.com/discovery/v1/apis/drive/v2/rest {"User-Agent"=>"ppc-gd/0.1.3 google-api-ruby-client/0.7.1 Linux/3.13.0-32-generic\n (gzip)", "Accept-Encoding"=>"gzip", "Content-Type"=>""}
Decompressing gzip encoded response (14061 bytes)
Decompressed (117229 bytes)
Google::APIClient::Request Result: 200 {"expires"=>"Mon, 11 Aug 2014 16:51:56 GMT", "date"=>"Mon, 11 Aug 2014 16:46:56 GMT", "etag"=>"\"FrPV2U6xXFUq8eRv_PO3IoAURkc/JEi5eTOOAriIM_BFMFqz7rK7kWg\"", "content-type"=>"application/json; charset=UTF-8", "x-content-type-options"=>"nosniff", "x-frame-options"=>"SAMEORIGIN", "x-xss-protection"=>"1; mode=block", "content-length"=>"14061", "server"=>"GSE", "cache-control"=>"public, max-age=300, must-revalidate, no-transform", "age"=>"135", "alternate-protocol"=>"443:quic", "connection"=>"close"}
Google::APIClient::Request Sending API request get https://www.googleapis.com/drive/v2/files/0B1nfdjDJc2dnQUp0UllwMzM5aVE/children?fields=items%2Fid&q=title+contains+%27original_1_facebook_original_1_facebook.jpg.jpg_1_facebook.jpg%27 {"User-Agent"=>"ppc-gd/0.1.3 google-api-ruby-client/0.7.1 Linux/3.13.0-32-generic\n (gzip)", "Accept-Encoding"=>"gzip", "Content-Type"=>"", "Authorization"=>"Bearer ya29.XgDrlZS8LVtVfhwAAAC-LmeSOQw13p-nOP6EKJtnAM8ykrG7A1S8AV7Q54NGcA", "Cache-Control"=>"no-store"}
  [1m[36m (0.4ms)[0m  [1mrollback transaction[0m
Completed 500 Internal Server Error in 45873ms

Faraday::ConnectionFailed (getaddrinfo: Name or service not known):
  app/controllers/images_controller.rb:8:in `create'


  Rendered /home/sri/.rvm/gems/ruby-1.9.3-p484@oauth/gems/actionpack-4.1.0/lib/action_dispatch/middleware/templates/rescues/_source.erb (1.5ms)
  Rendered /home/sri/.rvm/gems/ruby-1.9.3-p484@oauth/gems/actionpack-4.1.0/lib/action_dispatch/middleware/templates/rescues/_trace.html.erb (2.7ms)
  Rendered /home/sri/.rvm/gems/ruby-1.9.3-p484@oauth/gems/actionpack-4.1.0/lib/action_dispatch/middleware/templates/rescues/_request_and_response.html.erb (2.4ms)
  Rendered /home/sri/.rvm/gems/ruby-1.9.3-p484@oauth/gems/actionpack-4.1.0/lib/action_dispatch/middleware/templates/rescues/diagnostics.erb within rescues/layout (28.1ms)


Started HEAD "/images" for 127.0.0.1 at 2014-08-11 22:19:42 +0530
Processing by ImagesController#index as */*
  Rendered images/_form.html.erb (3.2ms)
  [1m[35mImage Load (0.4ms)[0m  SELECT "images".* FROM "images"
  Rendered images/_image_list.html.erb (1.5ms)
  Rendered images/index.html.erb within layouts/application (13.0ms)
Completed 200 OK in 27ms (Views: 24.4ms | ActiveRecord: 0.4ms)


Started GET "/images" for 127.0.0.1 at 2014-08-11 22:20:11 +0530
Processing by ImagesController#index as HTML
DEPRECATION WARNING: String based terminators are deprecated, please use a lambda. (called from <class:Image> at /home/sri/dropbox-app/app/models/image.rb:12)
  Rendered images/_form.html.erb (10.5ms)
  [1m[36mImage Load (0.2ms)[0m  [1mSELECT "images".* FROM "images"[0m
  Rendered images/_image_list.html.erb (0.9ms)
  Rendered images/index.html.erb within layouts/application (13.0ms)
Completed 200 OK in 25ms (Views: 18.3ms | ActiveRecord: 0.9ms)


Started HEAD "/images" for 127.0.0.1 at 2014-08-11 22:20:11 +0530
Processing by ImagesController#index as */*
  Rendered images/_form.html.erb (1.8ms)
  [1m[35mImage Load (0.3ms)[0m  SELECT "images".* FROM "images"
  Rendered images/_image_list.html.erb (1.0ms)
  Rendered images/index.html.erb within layouts/application (8.4ms)
Completed 200 OK in 20ms (Views: 17.6ms | ActiveRecord: 0.3ms)


Started GET "/assets/jquery.iframe-transport.js?body=1" for 127.0.0.1 at 2014-08-11 22:20:11 +0530


Started GET "/assets/jquery.remotipart.js?body=1" for 127.0.0.1 at 2014-08-11 22:20:11 +0530


Started POST "/images" for 127.0.0.1 at 2014-08-11 22:20:15 +0530
Processing by ImagesController#create as HTML
  Parameters: {"utf8"=>"✓", "authenticity_token"=>"9SryG/yy4S8Qcl0huKH44jE4PYxe6kq1xoRJLV8jwP0=", "image"=>{"file"=>#<ActionDispatch::Http::UploadedFile:0x007fe2f8033ee0 @tempfile=#<File:/tmp/RackMultipart20140811-10543-t6lbqw>, @original_filename="body-back.gif", @content_type="image/gif", @headers="Content-Disposition: form-data; name=\"image[file]\"; filename=\"body-back.gif\"\r\nContent-Type: image/gif\r\n">}, "commit"=>"Create Image"}
Google::APIClient - Initializing client with options {:application_name=>"ppc-gd", :application_version=>"0.1.3"}
Command :: identify -format '%wx%h,%[exif:orientation]' '/tmp/bc011689e868f6eadde7a585cec9708b20140811-10543-17bf9ly.gif[0]' 2>/dev/null
Command :: identify -format %m '/tmp/bc011689e868f6eadde7a585cec9708b20140811-10543-17bf9ly.gif[0]'
Command :: identify -format %m '/tmp/bc011689e868f6eadde7a585cec9708b20140811-10543-17bf9ly.gif[0]'
Command :: identify -format %m '/tmp/bc011689e868f6eadde7a585cec9708b20140811-10543-17bf9ly.gif[0]'
Command :: convert '/tmp/bc011689e868f6eadde7a585cec9708b20140811-10543-17bf9ly.gif' -coalesce -auto-orient -resize "300x300" -layers "optimize" '/tmp/bc011689e868f6eadde7a585cec9708b20140811-10543-17bf9ly20140811-10543-j1tfld'
Command :: file -b --mime '/tmp/bc011689e868f6eadde7a585cec9708b20140811-10543-17bf9ly20140811-10543-j1tfld'
  Rendered images/_form.html.erb (4.1ms)
  [1m[36mImage Load (0.4ms)[0m  [1mSELECT "images".* FROM "images"[0m
  Rendered images/_image_list.html.erb (1.5ms)
  Rendered images/index.html.erb within layouts/application (8.6ms)
Completed 200 OK in 365ms (Views: 17.4ms | ActiveRecord: 0.4ms)


Started HEAD "/images" for 127.0.0.1 at 2014-08-11 22:20:15 +0530
Processing by ImagesController#index as */*
  Rendered images/_form.html.erb (4.1ms)
  [1m[35mImage Load (0.3ms)[0m  SELECT "images".* FROM "images"
  Rendered images/_image_list.html.erb (1.2ms)
  Rendered images/index.html.erb within layouts/application (14.1ms)
Completed 200 OK in 26ms (Views: 24.3ms | ActiveRecord: 0.3ms)


Started GET "/assets/jquery.iframe-transport.js?body=1" for 127.0.0.1 at 2014-08-11 22:20:15 +0530


Started GET "/assets/jquery.remotipart.js?body=1" for 127.0.0.1 at 2014-08-11 22:20:15 +0530


Started POST "/images" for 127.0.0.1 at 2014-08-11 22:20:21 +0530
Processing by ImagesController#create as HTML
  Parameters: {"utf8"=>"✓", "authenticity_token"=>"9SryG/yy4S8Qcl0huKH44jE4PYxe6kq1xoRJLV8jwP0=", "image"=>{"file"=>#<ActionDispatch::Http::UploadedFile:0x0000000439e8e8 @tempfile=#<File:/tmp/RackMultipart20140811-10543-32oheq>, @original_filename="expand.png", @content_type="image/png", @headers="Content-Disposition: form-data; name=\"image[file]\"; filename=\"expand.png\"\r\nContent-Type: image/png\r\n">}, "commit"=>"Create Image"}
Google::APIClient - Initializing client with options {:application_name=>"ppc-gd", :application_version=>"0.1.3"}
Command :: identify -format '%wx%h,%[exif:orientation]' '/tmp/31407b18c5a9dd810565caedda2d0e4220140811-10543-1tn4uw5.png[0]' 2>/dev/null
Command :: identify -format %m '/tmp/31407b18c5a9dd810565caedda2d0e4220140811-10543-1tn4uw5.png[0]'
Command :: identify -format %m '/tmp/31407b18c5a9dd810565caedda2d0e4220140811-10543-1tn4uw5.png[0]'
Command :: identify -format %m '/tmp/31407b18c5a9dd810565caedda2d0e4220140811-10543-1tn4uw5.png[0]'
Command :: convert '/tmp/31407b18c5a9dd810565caedda2d0e4220140811-10543-1tn4uw5.png[0]' -auto-orient -resize "300x300" '/tmp/31407b18c5a9dd810565caedda2d0e4220140811-10543-1tn4uw520140811-10543-14brrql'
Command :: file -b --mime '/tmp/31407b18c5a9dd810565caedda2d0e4220140811-10543-1tn4uw520140811-10543-14brrql'
  Rendered images/_form.html.erb (2.3ms)
  [1m[36mImage Load (0.3ms)[0m  [1mSELECT "images".* FROM "images"[0m
  Rendered images/_image_list.html.erb (1.4ms)
  Rendered images/index.html.erb within layouts/application (5.6ms)
Completed 200 OK in 213ms (Views: 11.9ms | ActiveRecord: 0.3ms)


Started HEAD "/images" for 127.0.0.1 at 2014-08-11 22:20:22 +0530
Processing by ImagesController#index as */*
  Rendered images/_form.html.erb (3.2ms)
  [1m[35mImage Load (0.3ms)[0m  SELECT "images".* FROM "images"
  Rendered images/_image_list.html.erb (1.2ms)
  Rendered images/index.html.erb within layouts/application (12.3ms)
Completed 200 OK in 24ms (Views: 22.0ms | ActiveRecord: 0.3ms)


Started GET "/assets/jquery.iframe-transport.js?body=1" for 127.0.0.1 at 2014-08-11 22:20:22 +0530


Started GET "/assets/jquery.remotipart.js?body=1" for 127.0.0.1 at 2014-08-11 22:20:22 +0530


Started POST "/images" for 127.0.0.1 at 2014-08-11 22:20:47 +0530
Processing by ImagesController#create as HTML
  Parameters: {"utf8"=>"✓", "authenticity_token"=>"9SryG/yy4S8Qcl0huKH44jE4PYxe6kq1xoRJLV8jwP0=", "image"=>{"file"=>#<ActionDispatch::Http::UploadedFile:0x007fe2fc214c38 @tempfile=#<File:/tmp/RackMultipart20140811-10543-kl627z>, @original_filename="arrow-down.gif", @content_type="image/gif", @headers="Content-Disposition: form-data; name=\"image[file]\"; filename=\"arrow-down.gif\"\r\nContent-Type: image/gif\r\n">}, "commit"=>"Create Image"}
DEPRECATION WARNING: String based terminators are deprecated, please use a lambda. (called from <class:Image> at /home/sri/dropbox-app/app/models/image.rb:12)
Google::APIClient - Initializing client with options {:application_name=>"ppc-gd", :application_version=>"0.1.3"}
Command :: identify -format '%wx%h,%[exif:orientation]' '/tmp/cf0a8731d69712d22e7a4a0753821fff20140811-10543-yh2c5n.gif[0]' 2>/dev/null
Command :: identify -format %m '/tmp/cf0a8731d69712d22e7a4a0753821fff20140811-10543-yh2c5n.gif[0]'
Command :: identify -format %m '/tmp/cf0a8731d69712d22e7a4a0753821fff20140811-10543-yh2c5n.gif[0]'
Command :: identify -format %m '/tmp/cf0a8731d69712d22e7a4a0753821fff20140811-10543-yh2c5n.gif[0]'
Command :: convert '/tmp/cf0a8731d69712d22e7a4a0753821fff20140811-10543-yh2c5n.gif' -coalesce -auto-orient -resize "300x300" -layers "optimize" '/tmp/cf0a8731d69712d22e7a4a0753821fff20140811-10543-yh2c5n20140811-10543-br1zqr'
Command :: file -b --mime '/tmp/cf0a8731d69712d22e7a4a0753821fff20140811-10543-yh2c5n20140811-10543-br1zqr'
  [1m[36m (0.3ms)[0m  [1mbegin transaction[0m
Binary data inserted for `string` type on column `file_content_type`
  [1m[35mSQL (0.5ms)[0m  INSERT INTO "images" ("created_at", "file_content_type", "file_file_name", "file_file_size", "file_updated_at", "updated_at") VALUES (?, ?, ?, ?, ?, ?)  [["created_at", "2014-08-11 16:50:47.631090"], ["file_content_type", "image/gif"], ["file_file_name", "arrow-down.gif"], ["file_file_size", 863], ["file_updated_at", "2014-08-11 16:50:47.395180"], ["updated_at", "2014-08-11 16:50:47.631090"]]
Google::APIClient::Request Sending API request get https://www.googleapis.com/discovery/v1/apis/drive/v2/rest {"User-Agent"=>"ppc-gd/0.1.3 google-api-ruby-client/0.7.1 Linux/3.13.0-32-generic\n (gzip)", "Accept-Encoding"=>"gzip", "Content-Type"=>""}
Decompressing gzip encoded response (14061 bytes)
Decompressed (117229 bytes)
Google::APIClient::Request Result: 200 {"expires"=>"Mon, 11 Aug 2014 16:51:56 GMT", "date"=>"Mon, 11 Aug 2014 16:46:56 GMT", "etag"=>"\"FrPV2U6xXFUq8eRv_PO3IoAURkc/JEi5eTOOAriIM_BFMFqz7rK7kWg\"", "content-type"=>"application/json; charset=UTF-8", "x-content-type-options"=>"nosniff", "x-frame-options"=>"SAMEORIGIN", "x-xss-protection"=>"1; mode=block", "content-length"=>"14061", "server"=>"GSE", "cache-control"=>"public, max-age=300, must-revalidate, no-transform", "age"=>"246", "alternate-protocol"=>"443:quic", "connection"=>"close"}
Google::APIClient::Request Sending API request get https://www.googleapis.com/drive/v2/files/0B1nfdjDJc2dnQUp0UllwMzM5aVE/children?fields=items%2Fid&q=title+contains+%27original_1_arrow-down_original_1_arrow-down.gif.gif_1_arrow-down.gif%27 {"User-Agent"=>"ppc-gd/0.1.3 google-api-ruby-client/0.7.1 Linux/3.13.0-32-generic\n (gzip)", "Accept-Encoding"=>"gzip", "Content-Type"=>"", "Authorization"=>"Bearer ya29.XgDrlZS8LVtVfhwAAAC-LmeSOQw13p-nOP6EKJtnAM8ykrG7A1S8AV7Q54NGcA", "Cache-Control"=>"no-store"}
Decompressing gzip encoded response (162 bytes)
Decompressed (249 bytes)
Google::APIClient::Request Result: 401 {"www-authenticate"=>"Bearer realm=\"https://accounts.google.com/AuthSubRequest\", error=invalid_token", "content-type"=>"application/json; charset=UTF-8", "date"=>"Mon, 11 Aug 2014 16:51:08 GMT", "expires"=>"Mon, 11 Aug 2014 16:51:08 GMT", "cache-control"=>"private, max-age=0", "x-content-type-options"=>"nosniff", "x-frame-options"=>"SAMEORIGIN", "x-xss-protection"=>"1; mode=block", "server"=>"GSE", "alternate-protocol"=>"443:quic", "connection"=>"close", "transfer-encoding"=>"chunked"}
Attempting refresh of access token & retry of request
Google::APIClient::Request Sending API request get https://www.googleapis.com/drive/v2/files/0B1nfdjDJc2dnQUp0UllwMzM5aVE?fields=++id%2C+title {"User-Agent"=>"ppc-gd/0.1.3 google-api-ruby-client/0.7.1 Linux/3.13.0-32-generic\n (gzip)", "Accept-Encoding"=>"gzip", "Content-Type"=>"", "Authorization"=>"Bearer ya29.XgDrlZS8LVtVfhwAAAC-LmeSOQw13p-nOP6EKJtnAM8ykrG7A1S8AV7Q54NGcA", "Cache-Control"=>"no-store"}
Decompressing gzip encoded response (162 bytes)
Decompressed (249 bytes)
Google::APIClient::Request Result: 401 {"www-authenticate"=>"Bearer realm=\"https://accounts.google.com/AuthSubRequest\", error=invalid_token", "content-type"=>"application/json; charset=UTF-8", "date"=>"Mon, 11 Aug 2014 16:51:19 GMT", "expires"=>"Mon, 11 Aug 2014 16:51:19 GMT", "cache-control"=>"private, max-age=0", "x-content-type-options"=>"nosniff", "x-frame-options"=>"SAMEORIGIN", "x-xss-protection"=>"1; mode=block", "server"=>"GSE", "alternate-protocol"=>"443:quic", "connection"=>"close", "transfer-encoding"=>"chunked"}
Attempting refresh of access token & retry of request
  [1m[36m (0.5ms)[0m  [1mrollback transaction[0m
Completed 500 Internal Server Error in 57575ms

Faraday::ConnectionFailed (getaddrinfo: Name or service not known):
  app/controllers/images_controller.rb:8:in `create'


  Rendered /home/sri/.rvm/gems/ruby-1.9.3-p484@oauth/gems/actionpack-4.1.0/lib/action_dispatch/middleware/templates/rescues/_source.erb (1.0ms)
  Rendered /home/sri/.rvm/gems/ruby-1.9.3-p484@oauth/gems/actionpack-4.1.0/lib/action_dispatch/middleware/templates/rescues/_trace.html.erb (1.8ms)
  Rendered /home/sri/.rvm/gems/ruby-1.9.3-p484@oauth/gems/actionpack-4.1.0/lib/action_dispatch/middleware/templates/rescues/_request_and_response.html.erb (1.5ms)
  Rendered /home/sri/.rvm/gems/ruby-1.9.3-p484@oauth/gems/actionpack-4.1.0/lib/action_dispatch/middleware/templates/rescues/diagnostics.erb within rescues/layout (20.2ms)


Started HEAD "/images" for 127.0.0.1 at 2014-08-11 22:21:45 +0530
Processing by ImagesController#index as */*
  Rendered images/_form.html.erb (5.0ms)
  [1m[35mImage Load (0.5ms)[0m  SELECT "images".* FROM "images"
  Rendered images/_image_list.html.erb (2.4ms)
  Rendered images/index.html.erb within layouts/application (15.4ms)
Completed 200 OK in 30ms (Views: 27.2ms | ActiveRecord: 0.5ms)
